#
# A fatal error has been detected by the Java Runtime Environment:
#
#  EXCEPTION_ACCESS_VIOLATION (0xc0000005) at pc=0x00007ffaf56cd311, pid=4084, tid=6784
#
# JRE version: Java(TM) SE Runtime Environment Oracle GraalVM 17.0.11+7.1 (17.0.11+7) (build 17.0.11+7-LTS-jvmci-23.0-b34)
# Java VM: Java HotSpot(TM) 64-Bit Server VM Oracle GraalVM 17.0.11+7.1 (17.0.11+7-LTS-jvmci-23.0-b34, mixed mode, sharing, tiered, jvmci, jvmci compiler, compressed oops, compressed class ptrs, g1 gc, windows-amd64)
# Problematic frame:
# V  [jvm.dll+0x1ad311]
#
# No core dump will be written. Minidumps are not enabled by default on client versions of Windows
#
# If you would like to submit a bug report, please visit:
#   https://bugreport.java.com/bugreport/crash.jsp
#

---------------  S U M M A R Y ------------

Command Line: -XX:ThreadPriorityPolicy=1 -XX:+UnlockExperimentalVMOptions -XX:+EnableJVMCIProduct -XX:-UnlockExperimentalVMOptions --add-opens=java.base/java.util=ALL-UNNAMED --add-opens=java.base/java.lang=ALL-UNNAMED --add-opens=java.base/java.lang.invoke=ALL-UNNAMED --add-opens=java.prefs/java.util.prefs=ALL-UNNAMED --add-opens=java.base/java.nio.charset=ALL-UNNAMED --add-opens=java.base/java.net=ALL-UNNAMED --add-opens=java.base/java.util.concurrent.atomic=ALL-UNNAMED -Xmx4g -Dfile.encoding=UTF-8 -Duser.country=US -Duser.language=en -Duser.variant -javaagent:C:\Users\Elmir\.gradle\wrapper\dists\gradle-8.6-bin\afr5mpiioh2wthjmwnkmdsd5w\gradle-8.6\lib\agents\gradle-instrumentation-agent-8.6.jar org.gradle.launcher.daemon.bootstrap.GradleDaemon 8.6

Host: AMD Ryzen 5 5500                               , 12 cores, 15G,  Windows 10 , 64 bit Build 19041 (10.0.19041.5915)
Time: Tue Dec 23 14:46:20 2025 Romance Standard Time elapsed time: 1601.597503 seconds (0d 0h 26m 41s)

---------------  T H R E A D  ---------------

Current thread (0x0000014aca8bbca0):  ConcurrentGCThread "G1 Conc#1" [stack: 0x000000059da00000,0x000000059db00000] [id=6784]

Stack: [0x000000059da00000,0x000000059db00000],  sp=0x000000059daff3e8,  free space=1020k
Native frames: (J=compiled Java code, j=interpreted, Vv=VM code, C=native code)
V  [jvm.dll+0x1ad311]


siginfo: EXCEPTION_ACCESS_VIOLATION (0xc0000005), reading address 0x0000000000000100


Registers:
RAX=0x0000000000000000, RBX=0x0000014adbf05701, RCX=0x0000014a84000001, RDX=0x0000000708e28890
RSP=0x000000059daff3e8, RBP=0x0000000000000001, RSI=0x0000014adbf057a0, RDI=0x0000000708e28890
R8 =0x0000000000000000, R9 =0x0000014a84000001, R10=0x0000014adbf057a0, R11=0x0000000000000006
R12=0x0000000000000000, R13=0xaaaaaaaaaaaaaaab, R14=0x0000014a85b327d8, R15=0x0000000708f28868
RIP=0x00007ffaf56cd311, EFLAGS=0x0000000000010246


Register to memory mapping:

RIP=0x00007ffaf56cd311 jvm.dll
RAX=0x0 is NULL
RBX=0x0000014adbf05701 points into unknown readable memory: 20 f8 db 4a 01 00 00
RCX=0x0000014a84000001 is pointing into metadata
RDX=0x0000000708e28890 is pointing into object: org.objectweb.asm.tree.LabelNode 
{0x0000000708e28870} - klass: 'org/objectweb/asm/tree/LabelNode'
 - ---- fields (total size 5 words):
 - protected 'opcode' 'I' @12  -1 (ffffffff)
 - 'index' 'I' @16  0
 - public 'visibleTypeAnnotations' 'Ljava/util/List;' @20  NULL (0)
 - public 'invisibleTypeAnnotations' 'Ljava/util/List;' @24  NULL (0)
 - 'previousInsn' 'Lorg/objectweb/asm/tree/AbstractInsnNode;' @28  a 'org/objectweb/asm/tree/JumpInsnNode'{0x0000000708e28848} (e11c5109)
 - 'nextInsn' 'Lorg/objectweb/asm/tree/AbstractInsnNode;' @32  a 'org/objectweb/asm/tree/LineNumberNode'{0x0000000708e28898} (e11c5113)
 - private 'value' 'Lorg/objectweb/asm/Label;' @36  NULL (0)
RSP=0x000000059daff3e8 points into unknown readable memory: 0x00007ffaf57f389d | 9d 38 7f f5 fa 7f 00 00
RBP=0x0000000000000001 is an unknown value
RSI=0x0000014adbf057a0 points into unknown readable memory: 0x0000014adbf160e0 | e0 60 f1 db 4a 01 00 00
RDI=0x0000000708e28890 is pointing into object: org.objectweb.asm.tree.LabelNode 
{0x0000000708e28870} - klass: 'org/objectweb/asm/tree/LabelNode'
 - ---- fields (total size 5 words):
 - protected 'opcode' 'I' @12  -1 (ffffffff)
 - 'index' 'I' @16  0
 - public 'visibleTypeAnnotations' 'Ljava/util/List;' @20  NULL (0)
 - public 'invisibleTypeAnnotations' 'Ljava/util/List;' @24  NULL (0)
 - 'previousInsn' 'Lorg/objectweb/asm/tree/AbstractInsnNode;' @28  a 'org/objectweb/asm/tree/JumpInsnNode'{0x0000000708e28848} (e11c5109)
 - 'nextInsn' 'Lorg/objectweb/asm/tree/AbstractInsnNode;' @32  a 'org/objectweb/asm/tree/LineNumberNode'{0x0000000708e28898} (e11c5113)
 - private 'value' 'Lorg/objectweb/asm/Label;' @36  NULL (0)
R8 =0x0 is NULL
R9 =0x0000014a84000001 is pointing into metadata
R10=0x0000014adbf057a0 points into unknown readable memory: 0x0000014adbf160e0 | e0 60 f1 db 4a 01 00 00
R11=0x0000000000000006 is an unknown value
R12=0x0 is NULL
R13=0xaaaaaaaaaaaaaaab is an unknown value
R14=0x0000014a85b327d8 is a pointer to class: 
org.objectweb.asm.tree.FieldInsnNode {0x0000014a85b327e0}
 - instance size:     6
 - klass size:        72
 - access:            public synchronized 
 - state:             fully_initialized
 - name:              'org/objectweb/asm/tree/FieldInsnNode'
 - super:             'org/objectweb/asm/tree/AbstractInsnNode'
 - sub:               
 - arrays:            NULL
 - methods:           Array<T>(0x0000014ace7c6508)
 - method ordering:   Array<T>(0x0000014a84925fa8)
 - default_methods:   Array<T>(0x0000000000000000)
 - local interfaces:  Array<T>(0x0000014a845dac00)
 - trans. interfaces: Array<T>(0x0000014a845dac00)
 - constants:         constant pool [61] {0x0000014ace7c6290} for 'org/objectweb/asm/tree/FieldInsnNode' cache=0x0000014ace7d5ce8
 - class loader data:  loader data: 0x0000014accf77730 for instance a 'java/net/URLClassLoader'{0x0000000706388000}
 - source file:       'FieldInsnNode.java'
 - class annotations:       Array<T>(0x0000000000000000)
 - class type annotations:  Array<T>(0x0000000000000000)
 - field annotations:       Array<T>(0x0000000000000000)
 - field type annotations:  Array<T>(0x0000000000000000)
 - inner classes:     Array<T>(0x0000014a845dab90)
 - nest members:     Array<T>(0x0000014a845dab90)
 - permitted subclasses:     Array<T>(0x0000014a845dab90)
 - java mirror:       a 'java/lang/Class'{0x00000007074803f0} = 'org/objectweb/asm/tree/FieldInsnNode'
 - vtable length      12  (start addr: 0x0000014a85b329a0)
 - itable length      2 (start addr: 0x0000014a85b32a00)
 - ---- static fields (0 words):
 - ---- non-static fields (9 words):
 - protected 'opcode' 'I' @12 
 - 'index' 'I' @16 
 - public 'visibleTypeAnnotations' 'Ljava/util/List;' @20 
 - public 'invisibleTypeAnnotations' 'Ljava/util/List;' @24 
 - 'previousInsn' 'Lorg/objectweb/asm/tree/AbstractInsnNode;' @28 
 - 'nextInsn' 'Lorg/objectweb/asm/tree/AbstractInsnNode;' @32 
 - public 'owner' 'Ljava/lang/String;' @36 
 - public 'name' 'Ljava/lang/String;' @40 
 - public 'desc' 'Ljava/lang/String;' @44 
 - non-static oop maps: 20-44 
R15=0x0000000708f28868 is an oop: org.objectweb.asm.tree.InsnNode 
{0x0000000708f28868} - klass: 'org/objectweb/asm/tree/InsnNode'
 - ---- fields (total size 5 words):
 - protected 'opcode' 'I' @12  3
 - 'index' 'I' @16  0
 - public 'visibleTypeAnnotations' 'Ljava/util/List;' @20  NULL (0)
 - public 'invisibleTypeAnnotations' 'Ljava/util/List;' @24  NULL (0)
 - 'previousInsn' 'Lorg/objectweb/asm/tree/AbstractInsnNode;' @28  a 'org/objectweb/asm/tree/LineNumberNode'{0x0000000708f28838} (e11e5107)
 - 'nextInsn' 'Lorg/objectweb/asm/tree/AbstractInsnNode;' @32  
[error occurred during error reporting (printing register info), id 0xc0000005, EXCEPTION_ACCESS_VIOLATION (0xc0000005) at pc=0x00007ffaf5b7bee9]

Top of Stack: (sp=0x000000059daff3e8)
0x000000059daff3e8:   00007ffaf57f389d 0000000000000000
0x000000059daff3f8:   00007ffaf57f3809 00004a132cf85c22
0x000000059daff408:   00007ffaf57f389d 0000000708e28890
0x000000059daff418:   00007ffaf57f369d 0000014adbf1ca50
0x000000059daff428:   000000059daff5e0 0000014a85b327d0
0x000000059daff438:   000000059daff5e0 0000000708f2888c
0x000000059daff448:   00007ffaf57f179d 0000000708f28888
0x000000059daff458:   00007ffaf57f1c5d 0000000708f2d2d0
0x000000059daff468:   00007ffaf57f179d 000000059daff5a0
0x000000059daff478:   0000000000000000 0000000708f28868
0x000000059daff488:   00007ffaf57f13e1 0000014a85b325a0
0x000000059daff498:   0000000000000005 000000059daff5e0
0x000000059daff4a8:   0000000000000000 0000000708f28868
0x000000059daff4b8:   00007ffaf580478e 0000014adbf1ca50
0x000000059daff4c8:   0000000000000040 000000000000006f
0x000000059daff4d8:   00007ffaf5806c34 0000000000000001 

Instructions: (pc=0x00007ffaf56cd311)
0x00007ffaf56cd211:   48 8d 54 24 20 48 8b cf 0f 29 44 24 20 ff 50 40
0x00007ffaf56cd221:   33 c0 48 89 44 24 20 48 89 44 24 28 0f 28 44 24
0x00007ffaf56cd231:   20 0f 11 83 f8 02 00 00 48 8b 5c 24 40 48 83 c4
0x00007ffaf56cd241:   30 5f c3 cc cc cc cc cc cc cc cc cc cc cc cc 48
0x00007ffaf56cd251:   8b 49 40 48 8b 01 48 ff 60 28 cc cc cc cc cc 80
0x00007ffaf56cd261:   3d 53 23 95 00 00 48 8b c1 74 1b 8b 51 08 8b 0d
0x00007ffaf56cd271:   53 a0 8e 00 48 d3 e2 48 8b c8 48 03 15 3e a0 8e
0x00007ffaf56cd281:   00 e9 19 00 00 00 48 8b 51 08 48 8b c8 e9 0d 00
0x00007ffaf56cd291:   00 00 cc cc cc cc cc cc cc cc cc cc cc cc cc 4c
0x00007ffaf56cd2a1:   8b ca 48 8b d1 45 8b 41 08 45 85 c0 7e 0e 41 f6
0x00007ffaf56cd2b1:   c0 01 75 56 41 c1 f8 03 41 8b c0 c3 79 4c 80 3d
0x00007ffaf56cd2c1:   f4 22 95 00 00 b8 0c 00 00 00 b9 10 00 00 00 0f
0x00007ffaf56cd2d1:   45 c8 8b 05 0b af 8e 00 ff c8 4c 63 c8 48 63 14
0x00007ffaf56cd2e1:   11 41 8b c8 83 e1 3f 48 d3 e2 41 8b c8 48 c1 f9
0x00007ffaf56cd2f1:   10 0f b6 c1 49 8d 0c 11 49 f7 d1 48 03 c1 49 c1
0x00007ffaf56cd301:   e9 03 48 c1 e8 03 41 23 c1 c3 49 8b 01 49 8b c9
0x00007ffaf56cd311:   48 ff a0 00 01 00 00 cc cc cc cc cc cc cc cc 48
0x00007ffaf56cd321:   83 ec 38 0f 10 02 48 8b 49 40 48 8d 54 24 20 0f
0x00007ffaf56cd331:   29 44 24 20 e8 86 f2 ff ff 48 83 c4 38 c3 cc 48
0x00007ffaf56cd341:   83 ec 38 0f 10 02 48 8b 01 48 8d 54 24 20 0f 29
0x00007ffaf56cd351:   44 24 20 ff 50 38 48 83 c4 38 c3 cc cc cc cc 48
0x00007ffaf56cd361:   89 5c 24 08 55 56 57 41 54 41 55 41 56 41 57 48
0x00007ffaf56cd371:   8d 6c 24 e0 48 81 ec 20 01 00 00 48 8b 05 65 a5
0x00007ffaf56cd381:   91 00 48 33 c4 48 89 45 10 48 8b 05 bf 19 94 00
0x00007ffaf56cd391:   45 33 ed 4c 8b b5 80 00 00 00 4c 8b fa 48 8b bd
0x00007ffaf56cd3a1:   88 00 00 00 4d 8b c6 49 8b d6 49 8b f1 48 8b 48
0x00007ffaf56cd3b1:   40 48 8b 59 40 49 8b cf c7 45 c0 ff ff ff ff 44
0x00007ffaf56cd3c1:   89 6d d4 4c 89 6d d8 44 88 6d e0 c7 45 e8 ff ff
0x00007ffaf56cd3d1:   ff ff 44 89 6d fc 4c 89 6d 00 44 88 6d 08 e8 3c
0x00007ffaf56cd3e1:   15 f4 ff 41 b1 01 4c 8d 45 e8 41 8d 55 04 49 8b
0x00007ffaf56cd3f1:   cf e8 39 2c f2 ff 48 8b 05 82 05 7a 00 4c 8d 25
0x00007ffaf56cd401:   eb eb 68 00 48 89 44 24 30 4c 8d 44 24 70 0f b6 


Stack slot to memory mapping:
stack at sp + 0 slots: 0x00007ffaf57f389d jvm.dll
stack at sp + 1 slots: 0x0 is NULL
stack at sp + 2 slots: 0x00007ffaf57f3809 jvm.dll
stack at sp + 3 slots: 0x00004a132cf85c22 is an unknown value
stack at sp + 4 slots: 0x00007ffaf57f389d jvm.dll
stack at sp + 5 slots: 0x0000000708e28890 is pointing into object: org.objectweb.asm.tree.LabelNode 
{0x0000000708e28870} - klass: 'org/objectweb/asm/tree/LabelNode'
 - ---- fields (total size 5 words):
 - protected 'opcode' 'I' @12  -1 (ffffffff)
 - 'index' 'I' @16  0
 - public 'visibleTypeAnnotations' 'Ljava/util/List;' @20  NULL (0)
 - public 'invisibleTypeAnnotations' 'Ljava/util/List;' @24  NULL (0)
 - 'previousInsn' 'Lorg/objectweb/asm/tree/AbstractInsnNode;' @28  a 'org/objectweb/asm/tree/JumpInsnNode'{0x0000000708e28848} (e11c5109)
 - 'nextInsn' 'Lorg/objectweb/asm/tree/AbstractInsnNode;' @32  a 'org/objectweb/asm/tree/LineNumberNode'{0x0000000708e28898} (e11c5113)
 - private 'value' 'Lorg/objectweb/asm/Label;' @36  NULL (0)
stack at sp + 6 slots: 0x00007ffaf57f369d jvm.dll
stack at sp + 7 slots: 0x0000014adbf1ca50 points into unknown readable memory: 0x00007ffaf5e0f768 | 68 f7 e0 f5 fa 7f 00 00


---------------  P R O C E S S  ---------------

Threads class SMR info:
_java_thread_list=0x0000014acce632f0, length=48, elements={
0x0000014adbe971d0, 0x0000014affaf9dd0, 0x0000014affafab60, 0x0000014affb0ef30,
0x0000014affb0fa00, 0x0000014affb122e0, 0x0000014affb12bb0, 0x0000014affb16d80,
0x0000014ac9010e90, 0x0000014affb196a0, 0x0000014affadfcf0, 0x0000014ac91e2730,
0x0000014aca43d830, 0x0000014aca5ba560, 0x0000014aca5c54b0, 0x0000014aca610f20,
0x0000014aca642be0, 0x0000014aca643600, 0x0000014aca6417a0, 0x0000014aca643b10,
0x0000014aca644020, 0x0000014aca641cb0, 0x0000014acb28e3d0, 0x0000014acb28f300,
0x0000014acb28f810, 0x0000014acb290740, 0x0000014acb28fd20, 0x0000014acb290c50,
0x0000014acba461e0, 0x0000014acba44890, 0x0000014acbf1c500, 0x0000014acbf1bae0,
0x0000014acbf15fc0, 0x0000014acc988350, 0x0000014acc989ca0, 0x0000014ad237ea60,
0x0000014ad237bcd0, 0x0000014ad2380dd0, 0x0000014ad237e040, 0x0000014aca640870,
0x0000014aca641290, 0x0000014acc8b3250, 0x0000014acc8b7420, 0x0000014acc8b1900,
0x0000014acc8b13f0, 0x0000014acc8b1e10, 0x0000014acc8b4690, 0x0000014acc8b7930
}

Java Threads: ( => current thread )
  0x0000014adbe971d0 JavaThread "main" [_thread_blocked, id=1636, stack(0x000000059ad00000,0x000000059ae00000)]
  0x0000014affaf9dd0 JavaThread "Reference Handler" daemon [_thread_blocked, id=13912, stack(0x000000059b400000,0x000000059b500000)]
  0x0000014affafab60 JavaThread "Finalizer" daemon [_thread_blocked, id=2612, stack(0x000000059b500000,0x000000059b600000)]
  0x0000014affb0ef30 JavaThread "Signal Dispatcher" daemon [_thread_blocked, id=10156, stack(0x000000059b600000,0x000000059b700000)]
  0x0000014affb0fa00 JavaThread "Attach Listener" daemon [_thread_blocked, id=9652, stack(0x000000059b700000,0x000000059b800000)]
  0x0000014affb122e0 JavaThread "Service Thread" daemon [_thread_blocked, id=8388, stack(0x000000059b800000,0x000000059b900000)]
  0x0000014affb12bb0 JavaThread "Monitor Deflation Thread" daemon [_thread_blocked, id=14212, stack(0x000000059b900000,0x000000059ba00000)]
  0x0000014affb16d80 JavaThread "JVMCI-native CompilerThread0" daemon [_thread_in_native, id=3816, stack(0x000000059ba00000,0x000000059bb00000)]
  0x0000014ac9010e90 JavaThread "C1 CompilerThread0" daemon [_thread_blocked, id=12988, stack(0x000000059bb00000,0x000000059bc00000)]
  0x0000014affb196a0 JavaThread "Sweeper thread" daemon [_thread_blocked, id=9720, stack(0x000000059bc00000,0x000000059bd00000)]
  0x0000014affadfcf0 JavaThread "Common-Cleaner" daemon [_thread_blocked, id=4732, stack(0x000000059bd00000,0x000000059be00000)]
  0x0000014ac91e2730 JavaThread "Notification Thread" daemon [_thread_blocked, id=6540, stack(0x000000059c000000,0x000000059c100000)]
  0x0000014aca43d830 JavaThread "Daemon health stats" [_thread_blocked, id=12164, stack(0x000000059c900000,0x000000059ca00000)]
  0x0000014aca5ba560 JavaThread "Incoming local TCP Connector on port 51199" [_thread_in_native, id=13248, stack(0x000000059ca00000,0x000000059cb00000)]
  0x0000014aca5c54b0 JavaThread "Daemon periodic checks" [_thread_blocked, id=17776, stack(0x000000059cb00000,0x000000059cc00000)]
  0x0000014aca610f20 JavaThread "Daemon" [_thread_blocked, id=18136, stack(0x000000059cc00000,0x000000059cd00000)]
  0x0000014aca642be0 JavaThread "Daemon worker" [_thread_in_vm, id=13956, stack(0x000000059cf00000,0x000000059d000000)]
  0x0000014aca643600 JavaThread "Cache worker for journal cache (C:\Users\Elmir\.gradle\caches\journal-1)" [_thread_blocked, id=1828, stack(0x000000059d500000,0x000000059d600000)]
  0x0000014aca6417a0 JavaThread "File lock request listener" [_thread_in_native, id=1672, stack(0x000000059d600000,0x000000059d700000)]
  0x0000014aca643b10 JavaThread "Cache worker for file hash cache (C:\Users\Elmir\.gradle\caches\8.6\fileHashes)" [_thread_blocked, id=296, stack(0x000000059d700000,0x000000059d800000)]
  0x0000014aca644020 JavaThread "File watcher server" daemon [_thread_in_native, id=9548, stack(0x000000059d800000,0x000000059d900000)]
  0x0000014aca641cb0 JavaThread "File watcher consumer" daemon [_thread_blocked, id=2616, stack(0x000000059d900000,0x000000059da00000)]
  0x0000014acb28e3d0 JavaThread "Cache worker for file content cache (C:\Users\Elmir\.gradle\caches\8.6\fileContent)" [_thread_blocked, id=9400, stack(0x000000059e000000,0x000000059e100000)]
  0x0000014acb28f300 JavaThread "jar transforms" [_thread_blocked, id=7880, stack(0x000000059e100000,0x000000059e200000)]
  0x0000014acb28f810 JavaThread "jar transforms Thread 2" [_thread_blocked, id=4536, stack(0x000000059e200000,0x000000059e300000)]
  0x0000014acb290740 JavaThread "jar transforms Thread 3" [_thread_blocked, id=18064, stack(0x000000059e300000,0x000000059e400000)]
  0x0000014acb28fd20 JavaThread "jar transforms Thread 4" [_thread_blocked, id=7904, stack(0x000000059e500000,0x000000059e600000)]
  0x0000014acb290c50 JavaThread "jar transforms Thread 5" [_thread_blocked, id=11032, stack(0x000000059e600000,0x000000059e700000)]
  0x0000014acba461e0 JavaThread "jar transforms Thread 6" [_thread_blocked, id=12432, stack(0x000000059e700000,0x000000059e800000)]
  0x0000014acba44890 JavaThread "jar transforms Thread 7" [_thread_blocked, id=10408, stack(0x000000059e800000,0x000000059e900000)]
  0x0000014acbf1c500 JavaThread "Memory manager" [_thread_blocked, id=4372, stack(0x000000059f500000,0x000000059f600000)]
  0x0000014acbf1bae0 JavaThread "jar transforms Thread 8" [_thread_blocked, id=17104, stack(0x000000059f700000,0x000000059f800000)]
  0x0000014acbf15fc0 JavaThread "HttpClient-1-SelectorManager" daemon [_thread_in_native, id=2988, stack(0x000000059f800000,0x000000059f900000)]
  0x0000014acc988350 JavaThread "Cache worker for Java compile cache (C:\Users\Elmir\.gradle\caches\8.6\javaCompile)" [_thread_blocked, id=10176, stack(0x00000005a2400000,0x00000005a2500000)]
  0x0000014acc989ca0 JavaThread "Exec process" [_thread_blocked, id=14132, stack(0x00000005a3a00000,0x00000005a3b00000)]
  0x0000014ad237ea60 JavaThread "Exec process Thread 2" [_thread_blocked, id=12220, stack(0x00000005a3c00000,0x00000005a3d00000)]
  0x0000014ad237bcd0 JavaThread "Exec process Thread 3" [_thread_blocked, id=8464, stack(0x00000005a3d00000,0x00000005a3e00000)]
  0x0000014ad2380dd0 JavaThread "Exec process Thread 4" [_thread_blocked, id=14736, stack(0x00000005a3e00000,0x00000005a3f00000)]
  0x0000014ad237e040 JavaThread "included builds" [_thread_blocked, id=13988, stack(0x00000005a0b00000,0x00000005a0c00000)]
  0x0000014aca640870 JavaThread "Handler for socket connection from /127.0.0.1:51199 to /127.0.0.1:51410" [_thread_in_native, id=18236, stack(0x000000059aa00000,0x000000059ab00000)]
  0x0000014aca641290 JavaThread "Cancel handler" [_thread_blocked, id=17444, stack(0x000000059ab00000,0x000000059ac00000)]
  0x0000014acc8b3250 JavaThread "Asynchronous log dispatcher for DefaultDaemonConnection: socket connection from /127.0.0.1:51199 to /127.0.0.1:51410" [_thread_blocked, id=3868, stack(0x000000059ac00000,0x000000059ad00000)]
  0x0000014acc8b7420 JavaThread "Stdin handler" [_thread_blocked, id=13676, stack(0x000000059be00000,0x000000059bf00000)]
  0x0000014acc8b1900 JavaThread "Daemon client event forwarder" [_thread_blocked, id=12836, stack(0x000000059cd00000,0x000000059ce00000)]
  0x0000014acc8b13f0 JavaThread "jar transforms Thread 9" [_thread_blocked, id=3064, stack(0x000000059ce00000,0x000000059cf00000)]
  0x0000014acc8b1e10 JavaThread "jar transforms Thread 10" [_thread_blocked, id=6580, stack(0x000000059d000000,0x000000059d100000)]
  0x0000014acc8b4690 JavaThread "jar transforms Thread 11" [_thread_blocked, id=13904, stack(0x000000059d100000,0x000000059d200000)]
  0x0000014acc8b7930 JavaThread "jar transforms Thread 12" [_thread_blocked, id=1380, stack(0x000000059d200000,0x000000059d300000)]

Other Threads:
  0x0000014affaf5a00 VMThread "VM Thread" [stack: 0x000000059b300000,0x000000059b400000] [id=14944]
  0x0000014adbf2f310 WatcherThread [stack: 0x000000059c100000,0x000000059c200000] [id=6388]
  0x0000014adbf03260 GCTaskThread "GC Thread#0" [stack: 0x000000059ae00000,0x000000059af00000] [id=4968]
  0x0000014ac987c9b0 GCTaskThread "GC Thread#1" [stack: 0x000000059c200000,0x000000059c300000] [id=14708]
  0x0000014ac987beb0 GCTaskThread "GC Thread#2" [stack: 0x000000059c300000,0x000000059c400000] [id=13844]
  0x0000014ac987bbf0 GCTaskThread "GC Thread#3" [stack: 0x000000059c400000,0x000000059c500000] [id=9472]
  0x0000014ac987c6f0 GCTaskThread "GC Thread#4" [stack: 0x000000059c500000,0x000000059c600000] [id=13728]
  0x0000014ac987cc70 GCTaskThread "GC Thread#5" [stack: 0x000000059c600000,0x000000059c700000] [id=13356]
  0x0000014ac987c430 GCTaskThread "GC Thread#6" [stack: 0x000000059c700000,0x000000059c800000] [id=4240]
  0x0000014ac987c170 GCTaskThread "GC Thread#7" [stack: 0x000000059c800000,0x000000059c900000] [id=9976]
  0x0000014ac987b3b0 GCTaskThread "GC Thread#8" [stack: 0x000000059d300000,0x000000059d400000] [id=11548]
  0x0000014ac987b670 GCTaskThread "GC Thread#9" [stack: 0x000000059d400000,0x000000059d500000] [id=11564]
  0x0000014adbf160e0 ConcurrentGCThread "G1 Main Marker" [stack: 0x000000059af00000,0x000000059b000000] [id=3616]
  0x0000014adbf171a0 ConcurrentGCThread "G1 Conc#0" [stack: 0x000000059b000000,0x000000059b100000] [id=17600]
=>0x0000014aca8bbca0 ConcurrentGCThread "G1 Conc#1" [stack: 0x000000059da00000,0x000000059db00000] [id=6784]
  0x0000014aca8ba3e0 ConcurrentGCThread "G1 Conc#2" [stack: 0x000000059db00000,0x000000059dc00000] [id=16768]
  0x0000014adbf6d660 ConcurrentGCThread "G1 Refine#0" [stack: 0x000000059b100000,0x000000059b200000] [id=17496]
  0x0000014acbf465c0 ConcurrentGCThread "G1 Refine#1" [stack: 0x00000005a3000000,0x00000005a3100000] [id=13652]
  0x0000014acbf45a00 ConcurrentGCThread "G1 Refine#2" [stack: 0x00000005a3100000,0x00000005a3200000] [id=14832]
  0x0000014acbf430e0 ConcurrentGCThread "G1 Refine#3" [stack: 0x00000005a3200000,0x00000005a3300000] [id=11664]
  0x0000014acbf439b0 ConcurrentGCThread "G1 Refine#4" [stack: 0x00000005a3300000,0x00000005a3400000] [id=14072]
  0x0000014acbf468b0 ConcurrentGCThread "G1 Refine#5" [stack: 0x00000005a3400000,0x00000005a3500000] [id=12672]
  0x0000014acbf44860 ConcurrentGCThread "G1 Refine#6" [stack: 0x00000005a3500000,0x00000005a3600000] [id=18072]
  0x0000014acbf43ca0 ConcurrentGCThread "G1 Refine#7" [stack: 0x00000005a3600000,0x00000005a3700000] [id=2404]
  0x0000014acbf46ba0 ConcurrentGCThread "G1 Refine#8" [stack: 0x00000005a3700000,0x00000005a3800000] [id=4424]
  0x0000014ad27bc2f0 ConcurrentGCThread "G1 Refine#9" [stack: 0x00000005a3900000,0x00000005a3a00000] [id=304]
  0x0000014adbf6dfa0 ConcurrentGCThread "G1 Service" [stack: 0x000000059b200000,0x000000059b300000] [id=12524]

Threads with active compile tasks:
JVMCI-native CompilerThread0  1601625 23763       4       com.google.common.collect.RegularImmutableSet::contains (57 bytes)

VM state: not at safepoint (normal execution)

VM Mutex/Monitor currently owned by a thread: None

Heap address: 0x0000000700000000, size: 4096 MB, Compressed Oops mode: Zero based, Oop shift amount: 3

CDS archive(s) mapped at: [0x0000014a84000000-0x0000014a84bd0000-0x0000014a84bd0000), size 12386304, SharedBaseAddress: 0x0000014a84000000, ArchiveRelocationMode: 1.
Compressed class space mapped at: 0x0000014a85000000-0x0000014ac5000000, reserved size: 1073741824
Narrow klass base: 0x0000014a84000000, Narrow klass shift: 0, Narrow klass range: 0x100000000

GC Precious Log:
 CPUs: 12 total, 12 available
 Memory: 16172M
 Large Page Support: Disabled
 NUMA Support: Disabled
 Compressed Oops: Enabled (Zero based)
 Heap Region Size: 2M
 Heap Min Capacity: 8M
 Heap Initial Capacity: 254M
 Heap Max Capacity: 4G
 Pre-touch: Disabled
 Parallel Workers: 10
 Concurrent Workers: 3
 Concurrent Refinement Workers: 10
 Periodic GC: Disabled

Heap:
 garbage-first heap   total 503808K, used 196753K [0x0000000700000000, 0x0000000800000000)
  region size 2048K, 13 young (26624K), 9 survivors (18432K)
 Metaspace       used 98001K, committed 98944K, reserved 1179648K
  class space    used 12109K, committed 12544K, reserved 1048576K

Heap Regions: E=young(eden), S=young(survivor), O=old, HS=humongous(starts), HC=humongous(continues), CS=collection set, F=free, OA=open archive, CA=closed archive, TAMS=top-at-mark-start (previous, next)
|   0|0x0000000700000000, 0x0000000700200000, 0x0000000700200000|100%|HS|  |TAMS 0x0000000700200000, 0x0000000700200000| Complete 
|   1|0x0000000700200000, 0x0000000700400000, 0x0000000700400000|100%|HC|  |TAMS 0x0000000700400000, 0x0000000700400000| Complete 
|   2|0x0000000700400000, 0x0000000700600000, 0x0000000700600000|100%| O|  |TAMS 0x0000000700600000, 0x0000000700600000| Untracked 
|   3|0x0000000700600000, 0x00000007007fffd0, 0x0000000700800000| 99%| O|  |TAMS 0x00000007007fffd0, 0x00000007007fffd0| Untracked 
|   4|0x0000000700800000, 0x0000000700a00000, 0x0000000700a00000|100%| O|  |TAMS 0x0000000700a00000, 0x0000000700a00000| Untracked 
|   5|0x0000000700a00000, 0x0000000700bffff0, 0x0000000700c00000| 99%| O|  |TAMS 0x0000000700bffff0, 0x0000000700bffff0| Untracked 
|   6|0x0000000700c00000, 0x0000000700e00000, 0x0000000700e00000|100%| O|  |TAMS 0x0000000700e00000, 0x0000000700e00000| Untracked 
|   7|0x0000000700e00000, 0x0000000701000000, 0x0000000701000000|100%| O|  |TAMS 0x0000000701000000, 0x0000000701000000| Untracked 
|   8|0x0000000701000000, 0x0000000701200000, 0x0000000701200000|100%| O|  |TAMS 0x0000000701200000, 0x0000000701200000| Untracked 
|   9|0x0000000701200000, 0x00000007013ffff0, 0x0000000701400000| 99%| O|  |TAMS 0x00000007013ffff0, 0x00000007013ffff0| Untracked 
|  10|0x0000000701400000, 0x00000007015ffff0, 0x0000000701600000| 99%| O|  |TAMS 0x00000007015ffff0, 0x00000007015ffff0| Untracked 
|  11|0x0000000701600000, 0x00000007017fffa8, 0x0000000701800000| 99%| O|  |TAMS 0x00000007017fffa8, 0x00000007017fffa8| Untracked 
|  12|0x0000000701800000, 0x00000007019fffe0, 0x0000000701a00000| 99%| O|  |TAMS 0x00000007019fffe0, 0x00000007019fffe0| Untracked 
|  13|0x0000000701a00000, 0x0000000701bffff0, 0x0000000701c00000| 99%| O|  |TAMS 0x0000000701bffff0, 0x0000000701bffff0| Untracked 
|  14|0x0000000701c00000, 0x0000000701e00000, 0x0000000701e00000|100%| O|  |TAMS 0x0000000701e00000, 0x0000000701e00000| Untracked 
|  15|0x0000000701e00000, 0x0000000701ffff28, 0x0000000702000000| 99%| O|  |TAMS 0x0000000701ffff28, 0x0000000701ffff28| Untracked 
|  16|0x0000000702000000, 0x00000007021fff88, 0x0000000702200000| 99%| O|  |TAMS 0x00000007021fff88, 0x00000007021fff88| Untracked 
|  17|0x0000000702200000, 0x0000000702400000, 0x0000000702400000|100%| O|  |TAMS 0x0000000702400000, 0x0000000702400000| Untracked 
|  18|0x0000000702400000, 0x00000007025fff90, 0x0000000702600000| 99%| O|  |TAMS 0x00000007025fff90, 0x00000007025fff90| Untracked 
|  19|0x0000000702600000, 0x00000007027ffff0, 0x0000000702800000| 99%| O|  |TAMS 0x00000007027ffff0, 0x00000007027ffff0| Untracked 
|  20|0x0000000702800000, 0x00000007029fff78, 0x0000000702a00000| 99%| O|  |TAMS 0x00000007029fff78, 0x00000007029fff78| Untracked 
|  21|0x0000000702a00000, 0x0000000702bffff8, 0x0000000702c00000| 99%| O|  |TAMS 0x0000000702bffff8, 0x0000000702bffff8| Untracked 
|  22|0x0000000702c00000, 0x0000000702dfffe8, 0x0000000702e00000| 99%| O|  |TAMS 0x0000000702dfffe8, 0x0000000702dfffe8| Untracked 
|  23|0x0000000702e00000, 0x0000000702ffffd0, 0x0000000703000000| 99%| O|  |TAMS 0x0000000702ffffd0, 0x0000000702ffffd0| Untracked 
|  24|0x0000000703000000, 0x00000007031fc170, 0x0000000703200000| 99%| O|  |TAMS 0x00000007031fc170, 0x00000007031fc170| Untracked 
|  25|0x0000000703200000, 0x00000007033ffff8, 0x0000000703400000| 99%| O|  |TAMS 0x00000007033ffff8, 0x00000007033ffff8| Untracked 
|  26|0x0000000703400000, 0x00000007035ffff0, 0x0000000703600000| 99%| O|  |TAMS 0x00000007035ffff0, 0x00000007035ffff0| Untracked 
|  27|0x0000000703600000, 0x00000007037b6d90, 0x0000000703800000| 85%| O|  |TAMS 0x00000007037b6d90, 0x00000007037b6d90| Untracked 
|  28|0x0000000703800000, 0x0000000703a00000, 0x0000000703a00000|100%| O|  |TAMS 0x0000000703a00000, 0x0000000703a00000| Untracked 
|  29|0x0000000703a00000, 0x0000000703bff8b0, 0x0000000703c00000| 99%| O|  |TAMS 0x0000000703bff8b0, 0x0000000703bff8b0| Untracked 
|  30|0x0000000703c00000, 0x0000000703dd6d08, 0x0000000703e00000| 91%| O|  |TAMS 0x0000000703dd6d08, 0x0000000703dd6d08| Untracked 
|  31|0x0000000703e00000, 0x0000000703fffff0, 0x0000000704000000| 99%| O|  |TAMS 0x0000000703fffff0, 0x0000000703fffff0| Untracked 
|  32|0x0000000704000000, 0x00000007041fecb8, 0x0000000704200000| 99%| O|  |TAMS 0x00000007041fecb8, 0x00000007041fecb8| Untracked 
|  33|0x0000000704200000, 0x00000007043fe540, 0x0000000704400000| 99%| O|  |TAMS 0x00000007043fe540, 0x00000007043fe540| Untracked 
|  34|0x0000000704400000, 0x000000070453f130, 0x0000000704600000| 62%| O|  |TAMS 0x000000070453f130, 0x000000070453f130| Untracked 
|  35|0x0000000704600000, 0x00000007047032f0, 0x0000000704800000| 50%| O|  |TAMS 0x00000007047032f0, 0x00000007047032f0| Untracked 
|  36|0x0000000704800000, 0x0000000704a00000, 0x0000000704a00000|100%|HS|  |TAMS 0x0000000704a00000, 0x0000000704a00000| Complete 
|  37|0x0000000704a00000, 0x0000000704c00000, 0x0000000704c00000|100%|HS|  |TAMS 0x0000000704c00000, 0x0000000704c00000| Complete 
|  38|0x0000000704c00000, 0x0000000704cbd990, 0x0000000704e00000| 37%| O|  |TAMS 0x0000000704cbd990, 0x0000000704cbd990| Untracked 
|  39|0x0000000704e00000, 0x0000000705000000, 0x0000000705000000|100%| O|  |TAMS 0x0000000704e00000, 0x0000000705000000| Untracked 
|  40|0x0000000705000000, 0x0000000705200000, 0x0000000705200000|100%| O|  |TAMS 0x0000000705000000, 0x0000000705200000| Untracked 
|  41|0x0000000705200000, 0x00000007052100b8, 0x0000000705400000|  3%| O|  |TAMS 0x00000007052100b8, 0x00000007052100b8| Untracked 
|  42|0x0000000705400000, 0x000000070540f150, 0x0000000705600000|  2%| O|  |TAMS 0x000000070540f150, 0x000000070540f150| Untracked 
|  43|0x0000000705600000, 0x0000000705800000, 0x0000000705800000|100%| O|  |TAMS 0x0000000705800000, 0x0000000705800000| Untracked 
|  44|0x0000000705800000, 0x0000000705a00000, 0x0000000705a00000|100%| O|  |TAMS 0x0000000705a00000, 0x0000000705a00000| Untracked 
|  45|0x0000000705a00000, 0x0000000705c00000, 0x0000000705c00000|100%| O|  |TAMS 0x0000000705c00000, 0x0000000705c00000| Untracked 
|  46|0x0000000705c00000, 0x0000000705e00000, 0x0000000705e00000|100%| O|  |TAMS 0x0000000705e00000, 0x0000000705e00000| Untracked 
|  47|0x0000000705e00000, 0x0000000706000000, 0x0000000706000000|100%| O|  |TAMS 0x0000000706000000, 0x0000000706000000| Untracked 
|  48|0x0000000706000000, 0x0000000706200000, 0x0000000706200000|100%| O|  |TAMS 0x0000000706200000, 0x0000000706200000| Untracked 
|  49|0x0000000706200000, 0x0000000706400000, 0x0000000706400000|100%| O|  |TAMS 0x0000000706400000, 0x0000000706400000| Untracked 
|  50|0x0000000706400000, 0x0000000706600000, 0x0000000706600000|100%| O|  |TAMS 0x0000000706600000, 0x0000000706600000| Untracked 
|  51|0x0000000706600000, 0x0000000706800000, 0x0000000706800000|100%| O|  |TAMS 0x0000000706800000, 0x0000000706800000| Untracked 
|  52|0x0000000706800000, 0x0000000706a00000, 0x0000000706a00000|100%| O|  |TAMS 0x0000000706a00000, 0x0000000706a00000| Untracked 
|  53|0x0000000706a00000, 0x0000000706c00000, 0x0000000706c00000|100%| O|  |TAMS 0x0000000706c00000, 0x0000000706c00000| Untracked 
|  54|0x0000000706c00000, 0x0000000706e00000, 0x0000000706e00000|100%| O|  |TAMS 0x0000000706e00000, 0x0000000706e00000| Untracked 
|  55|0x0000000706e00000, 0x0000000707000000, 0x0000000707000000|100%| O|  |TAMS 0x0000000707000000, 0x0000000707000000| Untracked 
|  56|0x0000000707000000, 0x0000000707200000, 0x0000000707200000|100%| O|  |TAMS 0x0000000707200000, 0x0000000707200000| Untracked 
|  57|0x0000000707200000, 0x0000000707400000, 0x0000000707400000|100%| O|  |TAMS 0x0000000707400000, 0x0000000707400000| Untracked 
|  58|0x0000000707400000, 0x0000000707600000, 0x0000000707600000|100%| O|  |TAMS 0x000000070743bc00, 0x0000000707600000| Untracked 
|  59|0x0000000707600000, 0x0000000707800000, 0x0000000707800000|100%| O|  |TAMS 0x0000000707600000, 0x0000000707800000| Untracked 
|  60|0x0000000707800000, 0x0000000707a00000, 0x0000000707a00000|100%| O|  |TAMS 0x0000000707800000, 0x0000000707a00000| Untracked 
|  61|0x0000000707a00000, 0x0000000707a555e0, 0x0000000707c00000| 16%| O|  |TAMS 0x0000000707a555e0, 0x0000000707a555e0| Untracked 
|  62|0x0000000707c00000, 0x0000000707e00000, 0x0000000707e00000|100%| O|  |TAMS 0x0000000707c00000, 0x0000000707e00000| Untracked 
|  63|0x0000000707e00000, 0x0000000708000000, 0x0000000708000000|100%| O|  |TAMS 0x0000000707e00000, 0x0000000708000000| Untracked 
|  64|0x0000000708000000, 0x0000000708015ea8, 0x0000000708200000|  4%| O|  |TAMS 0x0000000708015ea8, 0x0000000708015ea8| Untracked 
|  65|0x0000000708200000, 0x0000000708400000, 0x0000000708400000|100%| O|  |TAMS 0x0000000708200000, 0x0000000708400000| Untracked 
|  66|0x0000000708400000, 0x0000000708600000, 0x0000000708600000|100%| O|  |TAMS 0x0000000708400000, 0x0000000708600000| Untracked 
|  67|0x0000000708600000, 0x0000000708800000, 0x0000000708800000|100%| O|  |TAMS 0x0000000708600000, 0x0000000708800000| Untracked 
|  68|0x0000000708800000, 0x0000000708a00000, 0x0000000708a00000|100%| O|  |TAMS 0x0000000708800000, 0x0000000708a00000| Untracked 
|  69|0x0000000708a00000, 0x0000000708c00000, 0x0000000708c00000|100%| O|  |TAMS 0x0000000708a00000, 0x0000000708c00000| Untracked 
|  70|0x0000000708c00000, 0x0000000708e00000, 0x0000000708e00000|100%| O|  |TAMS 0x0000000708c00000, 0x0000000708e00000| Untracked 
|  71|0x0000000708e00000, 0x0000000709000000, 0x0000000709000000|100%| O|  |TAMS 0x0000000708e00000, 0x0000000709000000| Untracked 
|  72|0x0000000709000000, 0x0000000709200000, 0x0000000709200000|100%| O|  |TAMS 0x0000000709000000, 0x0000000709200000| Untracked 
|  73|0x0000000709200000, 0x0000000709400000, 0x0000000709400000|100%| O|  |TAMS 0x0000000709200000, 0x0000000709400000| Untracked 
|  74|0x0000000709400000, 0x0000000709600000, 0x0000000709600000|100%| O|  |TAMS 0x0000000709400000, 0x0000000709600000| Untracked 
|  75|0x0000000709600000, 0x0000000709800000, 0x0000000709800000|100%| O|  |TAMS 0x0000000709600000, 0x0000000709800000| Untracked 
|  76|0x0000000709800000, 0x0000000709a00000, 0x0000000709a00000|100%| O|  |TAMS 0x0000000709800000, 0x0000000709a00000| Untracked 
|  77|0x0000000709a00000, 0x0000000709c00000, 0x0000000709c00000|100%| O|  |TAMS 0x0000000709a00000, 0x0000000709c00000| Untracked 
|  78|0x0000000709c00000, 0x0000000709e00000, 0x0000000709e00000|100%| O|  |TAMS 0x0000000709c00000, 0x0000000709e00000| Untracked 
|  79|0x0000000709e00000, 0x000000070a000000, 0x000000070a000000|100%| O|  |TAMS 0x0000000709e00000, 0x000000070a000000| Untracked 
|  80|0x000000070a000000, 0x000000070a200000, 0x000000070a200000|100%| O|  |TAMS 0x000000070a000000, 0x000000070a200000| Untracked 
|  81|0x000000070a200000, 0x000000070a400000, 0x000000070a400000|100%| O|  |TAMS 0x000000070a200000, 0x000000070a400000| Untracked 
|  82|0x000000070a400000, 0x000000070a600000, 0x000000070a600000|100%| O|  |TAMS 0x000000070a400000, 0x000000070a600000| Untracked 
|  83|0x000000070a600000, 0x000000070a800000, 0x000000070a800000|100%| O|  |TAMS 0x000000070a600000, 0x000000070a800000| Untracked 
|  84|0x000000070a800000, 0x000000070a856000, 0x000000070aa00000| 16%| O|  |TAMS 0x000000070a800000, 0x000000070a856000| Untracked 
|  85|0x000000070aa00000, 0x000000070ac00000, 0x000000070ac00000|100%|HS|  |TAMS 0x000000070aa00000, 0x000000070ac00000| Complete 
|  86|0x000000070ac00000, 0x000000070ae00000, 0x000000070ae00000|100%|HC|  |TAMS 0x000000070ac00000, 0x000000070ae00000| Complete 
|  87|0x000000070ae00000, 0x000000070b000000, 0x000000070b000000|100%|HC|  |TAMS 0x000000070ae00000, 0x000000070b000000| Complete 
|  88|0x000000070b000000, 0x000000070b200000, 0x000000070b200000|100%|HS|  |TAMS 0x000000070b000000, 0x000000070b200000| Complete 
|  89|0x000000070b200000, 0x000000070b400000, 0x000000070b400000|100%|HC|  |TAMS 0x000000070b200000, 0x000000070b400000| Complete 
|  90|0x000000070b400000, 0x000000070b600000, 0x000000070b600000|100%|HS|  |TAMS 0x000000070b400000, 0x000000070b400000| Complete 
|  91|0x000000070b600000, 0x000000070b600000, 0x000000070b800000|  0%| F|  |TAMS 0x000000070b600000, 0x000000070b600000| Untracked 
|  92|0x000000070b800000, 0x000000070b800000, 0x000000070ba00000|  0%| F|  |TAMS 0x000000070b800000, 0x000000070b800000| Untracked 
|  93|0x000000070ba00000, 0x000000070ba00000, 0x000000070bc00000|  0%| F|  |TAMS 0x000000070ba00000, 0x000000070ba00000| Untracked 
|  94|0x000000070bc00000, 0x000000070bc00000, 0x000000070be00000|  0%| F|  |TAMS 0x000000070bc00000, 0x000000070bc00000| Untracked 
|  95|0x000000070be00000, 0x000000070be00000, 0x000000070c000000|  0%| F|  |TAMS 0x000000070be00000, 0x000000070be00000| Untracked 
|  96|0x000000070c000000, 0x000000070c000000, 0x000000070c200000|  0%| F|  |TAMS 0x000000070c000000, 0x000000070c000000| Untracked 
|  97|0x000000070c200000, 0x000000070c200000, 0x000000070c400000|  0%| F|  |TAMS 0x000000070c200000, 0x000000070c200000| Untracked 
|  98|0x000000070c400000, 0x000000070c400000, 0x000000070c600000|  0%| F|  |TAMS 0x000000070c400000, 0x000000070c400000| Untracked 
|  99|0x000000070c600000, 0x000000070c600000, 0x000000070c800000|  0%| F|  |TAMS 0x000000070c600000, 0x000000070c600000| Untracked 
| 100|0x000000070c800000, 0x000000070c800000, 0x000000070ca00000|  0%| F|  |TAMS 0x000000070c800000, 0x000000070c800000| Untracked 
| 101|0x000000070ca00000, 0x000000070ca00000, 0x000000070cc00000|  0%| F|  |TAMS 0x000000070ca00000, 0x000000070ca00000| Untracked 
| 102|0x000000070cc00000, 0x000000070cc00000, 0x000000070ce00000|  0%| F|  |TAMS 0x000000070cc00000, 0x000000070cc00000| Untracked 
| 103|0x000000070ce00000, 0x000000070ce00000, 0x000000070d000000|  0%| F|  |TAMS 0x000000070ce00000, 0x000000070ce00000| Untracked 
| 104|0x000000070d000000, 0x000000070d000000, 0x000000070d200000|  0%| F|  |TAMS 0x000000070d000000, 0x000000070d000000| Untracked 
| 105|0x000000070d200000, 0x000000070d200000, 0x000000070d400000|  0%| F|  |TAMS 0x000000070d200000, 0x000000070d200000| Untracked 
| 106|0x000000070d400000, 0x000000070d400000, 0x000000070d600000|  0%| F|  |TAMS 0x000000070d400000, 0x000000070d400000| Untracked 
| 107|0x000000070d600000, 0x000000070d600000, 0x000000070d800000|  0%| F|  |TAMS 0x000000070d600000, 0x000000070d600000| Untracked 
| 108|0x000000070d800000, 0x000000070d800000, 0x000000070da00000|  0%| F|  |TAMS 0x000000070d800000, 0x000000070d800000| Untracked 
| 109|0x000000070da00000, 0x000000070da00000, 0x000000070dc00000|  0%| F|  |TAMS 0x000000070da00000, 0x000000070da00000| Untracked 
| 110|0x000000070dc00000, 0x000000070dc00000, 0x000000070de00000|  0%| F|  |TAMS 0x000000070dc00000, 0x000000070dc00000| Untracked 
| 111|0x000000070de00000, 0x000000070de00000, 0x000000070e000000|  0%| F|  |TAMS 0x000000070de00000, 0x000000070de00000| Untracked 
| 112|0x000000070e000000, 0x000000070e000000, 0x000000070e200000|  0%| F|  |TAMS 0x000000070e000000, 0x000000070e000000| Untracked 
| 113|0x000000070e200000, 0x000000070e200000, 0x000000070e400000|  0%| F|  |TAMS 0x000000070e200000, 0x000000070e200000| Untracked 
| 114|0x000000070e400000, 0x000000070e400000, 0x000000070e600000|  0%| F|  |TAMS 0x000000070e400000, 0x000000070e400000| Untracked 
| 115|0x000000070e600000, 0x000000070e600000, 0x000000070e800000|  0%| F|  |TAMS 0x000000070e600000, 0x000000070e600000| Untracked 
| 116|0x000000070e800000, 0x000000070e800000, 0x000000070ea00000|  0%| F|  |TAMS 0x000000070e800000, 0x000000070e800000| Untracked 
| 117|0x000000070ea00000, 0x000000070ea00000, 0x000000070ec00000|  0%| F|  |TAMS 0x000000070ea00000, 0x000000070ea00000| Untracked 
| 118|0x000000070ec00000, 0x000000070ec00000, 0x000000070ee00000|  0%| F|  |TAMS 0x000000070ec00000, 0x000000070ec00000| Untracked 
| 119|0x000000070ee00000, 0x000000070ee00000, 0x000000070f000000|  0%| F|  |TAMS 0x000000070ee00000, 0x000000070ee00000| Untracked 
| 120|0x000000070f000000, 0x000000070f000000, 0x000000070f200000|  0%| F|  |TAMS 0x000000070f000000, 0x000000070f000000| Untracked 
| 121|0x000000070f200000, 0x000000070f200000, 0x000000070f400000|  0%| F|  |TAMS 0x000000070f200000, 0x000000070f200000| Untracked 
| 122|0x000000070f400000, 0x000000070f400000, 0x000000070f600000|  0%| F|  |TAMS 0x000000070f400000, 0x000000070f400000| Untracked 
| 123|0x000000070f600000, 0x000000070f600000, 0x000000070f800000|  0%| F|  |TAMS 0x000000070f600000, 0x000000070f600000| Untracked 
| 124|0x000000070f800000, 0x000000070f800000, 0x000000070fa00000|  0%| F|  |TAMS 0x000000070f800000, 0x000000070f800000| Untracked 
| 125|0x000000070fa00000, 0x000000070fa00000, 0x000000070fc00000|  0%| F|  |TAMS 0x000000070fa00000, 0x000000070fa00000| Untracked 
| 126|0x000000070fc00000, 0x000000070fc00000, 0x000000070fe00000|  0%| F|  |TAMS 0x000000070fc00000, 0x000000070fc00000| Untracked 
| 127|0x000000070fe00000, 0x000000070fe00000, 0x0000000710000000|  0%| F|  |TAMS 0x000000070fe00000, 0x000000070fe00000| Untracked 
| 128|0x0000000710000000, 0x0000000710000000, 0x0000000710200000|  0%| F|  |TAMS 0x0000000710000000, 0x0000000710000000| Untracked 
| 129|0x0000000710200000, 0x0000000710200000, 0x0000000710400000|  0%| F|  |TAMS 0x0000000710200000, 0x0000000710200000| Untracked 
| 130|0x0000000710400000, 0x0000000710400000, 0x0000000710600000|  0%| F|  |TAMS 0x0000000710400000, 0x0000000710400000| Untracked 
| 131|0x0000000710600000, 0x0000000710600000, 0x0000000710800000|  0%| F|  |TAMS 0x0000000710600000, 0x0000000710600000| Untracked 
| 132|0x0000000710800000, 0x0000000710800000, 0x0000000710a00000|  0%| F|  |TAMS 0x0000000710800000, 0x0000000710800000| Untracked 
| 133|0x0000000710a00000, 0x0000000710a00000, 0x0000000710c00000|  0%| F|  |TAMS 0x0000000710a00000, 0x0000000710a00000| Untracked 
| 134|0x0000000710c00000, 0x0000000710c00000, 0x0000000710e00000|  0%| F|  |TAMS 0x0000000710c00000, 0x0000000710c00000| Untracked 
| 135|0x0000000710e00000, 0x0000000710e00000, 0x0000000711000000|  0%| F|  |TAMS 0x0000000710e00000, 0x0000000710e00000| Untracked 
| 136|0x0000000711000000, 0x0000000711000000, 0x0000000711200000|  0%| F|  |TAMS 0x0000000711000000, 0x0000000711000000| Untracked 
| 137|0x0000000711200000, 0x0000000711200000, 0x0000000711400000|  0%| F|  |TAMS 0x0000000711200000, 0x0000000711200000| Untracked 
| 138|0x0000000711400000, 0x0000000711400000, 0x0000000711600000|  0%| F|  |TAMS 0x0000000711400000, 0x0000000711400000| Untracked 
| 139|0x0000000711600000, 0x0000000711600000, 0x0000000711800000|  0%| F|  |TAMS 0x0000000711600000, 0x0000000711600000| Untracked 
| 140|0x0000000711800000, 0x0000000711800000, 0x0000000711a00000|  0%| F|  |TAMS 0x0000000711800000, 0x0000000711800000| Untracked 
| 141|0x0000000711a00000, 0x0000000711a00000, 0x0000000711c00000|  0%| F|  |TAMS 0x0000000711a00000, 0x0000000711a00000| Untracked 
| 142|0x0000000711c00000, 0x0000000711c00000, 0x0000000711e00000|  0%| F|  |TAMS 0x0000000711c00000, 0x0000000711c00000| Untracked 
| 143|0x0000000711e00000, 0x0000000711e00000, 0x0000000712000000|  0%| F|  |TAMS 0x0000000711e00000, 0x0000000711e00000| Untracked 
| 144|0x0000000712000000, 0x0000000712000000, 0x0000000712200000|  0%| F|  |TAMS 0x0000000712000000, 0x0000000712000000| Untracked 
| 145|0x0000000712200000, 0x0000000712200000, 0x0000000712400000|  0%| F|  |TAMS 0x0000000712200000, 0x0000000712200000| Untracked 
| 146|0x0000000712400000, 0x0000000712400000, 0x0000000712600000|  0%| F|  |TAMS 0x0000000712400000, 0x0000000712400000| Untracked 
| 147|0x0000000712600000, 0x0000000712600000, 0x0000000712800000|  0%| F|  |TAMS 0x0000000712600000, 0x0000000712600000| Untracked 
| 148|0x0000000712800000, 0x0000000712800000, 0x0000000712a00000|  0%| F|  |TAMS 0x0000000712800000, 0x0000000712800000| Untracked 
| 149|0x0000000712a00000, 0x0000000712a00000, 0x0000000712c00000|  0%| F|  |TAMS 0x0000000712a00000, 0x0000000712a00000| Untracked 
| 150|0x0000000712c00000, 0x0000000712c00000, 0x0000000712e00000|  0%| F|  |TAMS 0x0000000712c00000, 0x0000000712c00000| Untracked 
| 151|0x0000000712e00000, 0x0000000712e00000, 0x0000000713000000|  0%| F|  |TAMS 0x0000000712e00000, 0x0000000712e00000| Untracked 
| 152|0x0000000713000000, 0x0000000713000000, 0x0000000713200000|  0%| F|  |TAMS 0x0000000713000000, 0x0000000713000000| Untracked 
| 153|0x0000000713200000, 0x0000000713200000, 0x0000000713400000|  0%| F|  |TAMS 0x0000000713200000, 0x0000000713200000| Untracked 
| 154|0x0000000713400000, 0x0000000713400000, 0x0000000713600000|  0%| F|  |TAMS 0x0000000713400000, 0x0000000713400000| Untracked 
| 155|0x0000000713600000, 0x0000000713600000, 0x0000000713800000|  0%| F|  |TAMS 0x0000000713600000, 0x0000000713600000| Untracked 
| 156|0x0000000713800000, 0x0000000713800000, 0x0000000713a00000|  0%| F|  |TAMS 0x0000000713800000, 0x0000000713800000| Untracked 
| 157|0x0000000713a00000, 0x0000000713a00000, 0x0000000713c00000|  0%| F|  |TAMS 0x0000000713a00000, 0x0000000713a00000| Untracked 
| 158|0x0000000713c00000, 0x0000000713c00000, 0x0000000713e00000|  0%| F|  |TAMS 0x0000000713c00000, 0x0000000713c00000| Untracked 
| 159|0x0000000713e00000, 0x0000000713e00000, 0x0000000714000000|  0%| F|  |TAMS 0x0000000713e00000, 0x0000000713e00000| Untracked 
| 160|0x0000000714000000, 0x0000000714000000, 0x0000000714200000|  0%| F|  |TAMS 0x0000000714000000, 0x0000000714000000| Untracked 
| 161|0x0000000714200000, 0x0000000714200000, 0x0000000714400000|  0%| F|  |TAMS 0x0000000714200000, 0x0000000714200000| Untracked 
| 162|0x0000000714400000, 0x0000000714400000, 0x0000000714600000|  0%| F|  |TAMS 0x0000000714400000, 0x0000000714400000| Untracked 
| 163|0x0000000714600000, 0x0000000714600000, 0x0000000714800000|  0%| F|  |TAMS 0x0000000714600000, 0x0000000714600000| Untracked 
| 164|0x0000000714800000, 0x0000000714800000, 0x0000000714a00000|  0%| F|  |TAMS 0x0000000714800000, 0x0000000714800000| Untracked 
| 165|0x0000000714a00000, 0x0000000714ab6e20, 0x0000000714c00000| 35%| S|CS|TAMS 0x0000000714a00000, 0x0000000714a00000| Complete 
| 166|0x0000000714c00000, 0x0000000714e00000, 0x0000000714e00000|100%| S|CS|TAMS 0x0000000714c00000, 0x0000000714c00000| Complete 
| 167|0x0000000714e00000, 0x0000000715000000, 0x0000000715000000|100%| S|CS|TAMS 0x0000000714e00000, 0x0000000714e00000| Complete 
| 168|0x0000000715000000, 0x0000000715200000, 0x0000000715200000|100%| S|CS|TAMS 0x0000000715000000, 0x0000000715000000| Complete 
| 169|0x0000000715200000, 0x0000000715400000, 0x0000000715400000|100%| S|CS|TAMS 0x0000000715200000, 0x0000000715200000| Complete 
| 170|0x0000000715400000, 0x0000000715600000, 0x0000000715600000|100%| S|CS|TAMS 0x0000000715400000, 0x0000000715400000| Complete 
| 171|0x0000000715600000, 0x0000000715800000, 0x0000000715800000|100%| S|CS|TAMS 0x0000000715600000, 0x0000000715600000| Complete 
| 172|0x0000000715800000, 0x0000000715a00000, 0x0000000715a00000|100%| S|CS|TAMS 0x0000000715800000, 0x0000000715800000| Complete 
| 173|0x0000000715a00000, 0x0000000715c00000, 0x0000000715c00000|100%| S|CS|TAMS 0x0000000715a00000, 0x0000000715a00000| Complete 
| 174|0x0000000715c00000, 0x0000000715c00000, 0x0000000715e00000|  0%| F|  |TAMS 0x0000000715c00000, 0x0000000715c00000| Untracked 
| 175|0x0000000715e00000, 0x0000000715e00000, 0x0000000716000000|  0%| F|  |TAMS 0x0000000715e00000, 0x0000000715e00000| Untracked 
| 176|0x0000000716000000, 0x0000000716000000, 0x0000000716200000|  0%| F|  |TAMS 0x0000000716000000, 0x0000000716000000| Untracked 
| 177|0x0000000716200000, 0x0000000716200000, 0x0000000716400000|  0%| F|  |TAMS 0x0000000716200000, 0x0000000716200000| Untracked 
| 178|0x0000000716400000, 0x0000000716400000, 0x0000000716600000|  0%| F|  |TAMS 0x0000000716400000, 0x0000000716400000| Untracked 
| 179|0x0000000716600000, 0x0000000716600000, 0x0000000716800000|  0%| F|  |TAMS 0x0000000716600000, 0x0000000716600000| Untracked 
| 180|0x0000000716800000, 0x0000000716800000, 0x0000000716a00000|  0%| F|  |TAMS 0x0000000716800000, 0x0000000716800000| Untracked 
| 181|0x0000000716a00000, 0x0000000716a00000, 0x0000000716c00000|  0%| F|  |TAMS 0x0000000716a00000, 0x0000000716a00000| Untracked 
| 182|0x0000000716c00000, 0x0000000716c00000, 0x0000000716e00000|  0%| F|  |TAMS 0x0000000716c00000, 0x0000000716c00000| Untracked 
| 183|0x0000000716e00000, 0x0000000716e00000, 0x0000000717000000|  0%| F|  |TAMS 0x0000000716e00000, 0x0000000716e00000| Untracked 
| 184|0x0000000717000000, 0x0000000717000000, 0x0000000717200000|  0%| F|  |TAMS 0x0000000717000000, 0x0000000717000000| Untracked 
| 185|0x0000000717200000, 0x0000000717200000, 0x0000000717400000|  0%| F|  |TAMS 0x0000000717200000, 0x0000000717200000| Untracked 
| 186|0x0000000717400000, 0x0000000717400000, 0x0000000717600000|  0%| F|  |TAMS 0x0000000717400000, 0x0000000717400000| Untracked 
| 187|0x0000000717600000, 0x0000000717600000, 0x0000000717800000|  0%| F|  |TAMS 0x0000000717600000, 0x0000000717600000| Untracked 
| 188|0x0000000717800000, 0x0000000717800000, 0x0000000717a00000|  0%| F|  |TAMS 0x0000000717800000, 0x0000000717800000| Untracked 
| 189|0x0000000717a00000, 0x0000000717a00000, 0x0000000717c00000|  0%| F|  |TAMS 0x0000000717a00000, 0x0000000717a00000| Untracked 
| 190|0x0000000717c00000, 0x0000000717c00000, 0x0000000717e00000|  0%| F|  |TAMS 0x0000000717c00000, 0x0000000717c00000| Untracked 
| 191|0x0000000717e00000, 0x0000000717e00000, 0x0000000718000000|  0%| F|  |TAMS 0x0000000717e00000, 0x0000000717e00000| Untracked 
| 192|0x0000000718000000, 0x0000000718000000, 0x0000000718200000|  0%| F|  |TAMS 0x0000000718000000, 0x0000000718000000| Untracked 
| 193|0x0000000718200000, 0x0000000718200000, 0x0000000718400000|  0%| F|  |TAMS 0x0000000718200000, 0x0000000718200000| Untracked 
| 194|0x0000000718400000, 0x0000000718400000, 0x0000000718600000|  0%| F|  |TAMS 0x0000000718400000, 0x0000000718400000| Untracked 
| 195|0x0000000718600000, 0x0000000718600000, 0x0000000718800000|  0%| F|  |TAMS 0x0000000718600000, 0x0000000718600000| Untracked 
| 196|0x0000000718800000, 0x0000000718800000, 0x0000000718a00000|  0%| F|  |TAMS 0x0000000718800000, 0x0000000718800000| Untracked 
| 197|0x0000000718a00000, 0x0000000718a00000, 0x0000000718c00000|  0%| F|  |TAMS 0x0000000718a00000, 0x0000000718a00000| Untracked 
| 198|0x0000000718c00000, 0x0000000718c00000, 0x0000000718e00000|  0%| F|  |TAMS 0x0000000718c00000, 0x0000000718c00000| Untracked 
| 199|0x0000000718e00000, 0x0000000718e00000, 0x0000000719000000|  0%| F|  |TAMS 0x0000000718e00000, 0x0000000718e00000| Untracked 
| 200|0x0000000719000000, 0x0000000719000000, 0x0000000719200000|  0%| F|  |TAMS 0x0000000719000000, 0x0000000719000000| Untracked 
| 201|0x0000000719200000, 0x0000000719200000, 0x0000000719400000|  0%| F|  |TAMS 0x0000000719200000, 0x0000000719200000| Untracked 
| 202|0x0000000719400000, 0x0000000719400000, 0x0000000719600000|  0%| F|  |TAMS 0x0000000719400000, 0x0000000719400000| Untracked 
| 203|0x0000000719600000, 0x0000000719600000, 0x0000000719800000|  0%| F|  |TAMS 0x0000000719600000, 0x0000000719600000| Untracked 
| 204|0x0000000719800000, 0x0000000719800000, 0x0000000719a00000|  0%| F|  |TAMS 0x0000000719800000, 0x0000000719800000| Untracked 
| 205|0x0000000719a00000, 0x0000000719a00000, 0x0000000719c00000|  0%| F|  |TAMS 0x0000000719a00000, 0x0000000719a00000| Untracked 
| 206|0x0000000719c00000, 0x0000000719c00000, 0x0000000719e00000|  0%| F|  |TAMS 0x0000000719c00000, 0x0000000719c00000| Untracked 
| 207|0x0000000719e00000, 0x0000000719e00000, 0x000000071a000000|  0%| F|  |TAMS 0x0000000719e00000, 0x0000000719e00000| Untracked 
| 208|0x000000071a000000, 0x000000071a000000, 0x000000071a200000|  0%| F|  |TAMS 0x000000071a000000, 0x000000071a000000| Untracked 
| 209|0x000000071a200000, 0x000000071a200000, 0x000000071a400000|  0%| F|  |TAMS 0x000000071a200000, 0x000000071a200000| Untracked 
| 210|0x000000071a400000, 0x000000071a400000, 0x000000071a600000|  0%| F|  |TAMS 0x000000071a400000, 0x000000071a400000| Untracked 
| 211|0x000000071a600000, 0x000000071a600000, 0x000000071a800000|  0%| F|  |TAMS 0x000000071a600000, 0x000000071a600000| Untracked 
| 212|0x000000071a800000, 0x000000071a800000, 0x000000071aa00000|  0%| F|  |TAMS 0x000000071a800000, 0x000000071a800000| Untracked 
| 213|0x000000071aa00000, 0x000000071aa00000, 0x000000071ac00000|  0%| F|  |TAMS 0x000000071aa00000, 0x000000071aa00000| Untracked 
| 214|0x000000071ac00000, 0x000000071ac00000, 0x000000071ae00000|  0%| F|  |TAMS 0x000000071ac00000, 0x000000071ac00000| Untracked 
| 215|0x000000071ae00000, 0x000000071ae00000, 0x000000071b000000|  0%| F|  |TAMS 0x000000071ae00000, 0x000000071ae00000| Untracked 
| 216|0x000000071b000000, 0x000000071b000000, 0x000000071b200000|  0%| F|  |TAMS 0x000000071b000000, 0x000000071b000000| Untracked 
| 217|0x000000071b200000, 0x000000071b200000, 0x000000071b400000|  0%| F|  |TAMS 0x000000071b200000, 0x000000071b200000| Untracked 
| 218|0x000000071b400000, 0x000000071b400000, 0x000000071b600000|  0%| F|  |TAMS 0x000000071b400000, 0x000000071b400000| Untracked 
| 219|0x000000071b600000, 0x000000071b600000, 0x000000071b800000|  0%| F|  |TAMS 0x000000071b600000, 0x000000071b600000| Untracked 
| 220|0x000000071b800000, 0x000000071b800000, 0x000000071ba00000|  0%| F|  |TAMS 0x000000071b800000, 0x000000071b800000| Untracked 
| 221|0x000000071ba00000, 0x000000071ba00000, 0x000000071bc00000|  0%| F|  |TAMS 0x000000071ba00000, 0x000000071ba00000| Untracked 
| 222|0x000000071bc00000, 0x000000071bc00000, 0x000000071be00000|  0%| F|  |TAMS 0x000000071bc00000, 0x000000071bc00000| Untracked 
| 223|0x000000071be00000, 0x000000071be00000, 0x000000071c000000|  0%| F|  |TAMS 0x000000071be00000, 0x000000071be00000| Untracked 
| 224|0x000000071c000000, 0x000000071c000000, 0x000000071c200000|  0%| F|  |TAMS 0x000000071c000000, 0x000000071c000000| Untracked 
| 225|0x000000071c200000, 0x000000071c200000, 0x000000071c400000|  0%| F|  |TAMS 0x000000071c200000, 0x000000071c200000| Untracked 
| 226|0x000000071c400000, 0x000000071c400000, 0x000000071c600000|  0%| F|  |TAMS 0x000000071c400000, 0x000000071c400000| Untracked 
| 227|0x000000071c600000, 0x000000071c600000, 0x000000071c800000|  0%| F|  |TAMS 0x000000071c600000, 0x000000071c600000| Untracked 
| 228|0x000000071c800000, 0x000000071c800000, 0x000000071ca00000|  0%| F|  |TAMS 0x000000071c800000, 0x000000071c800000| Untracked 
| 229|0x000000071ca00000, 0x000000071ca00000, 0x000000071cc00000|  0%| F|  |TAMS 0x000000071ca00000, 0x000000071ca00000| Untracked 
| 230|0x000000071cc00000, 0x000000071cc00000, 0x000000071ce00000|  0%| F|  |TAMS 0x000000071cc00000, 0x000000071cc00000| Untracked 
| 231|0x000000071ce00000, 0x000000071ce00000, 0x000000071d000000|  0%| F|  |TAMS 0x000000071ce00000, 0x000000071ce00000| Untracked 
| 232|0x000000071d000000, 0x000000071d000000, 0x000000071d200000|  0%| F|  |TAMS 0x000000071d000000, 0x000000071d000000| Untracked 
| 233|0x000000071d200000, 0x000000071d200000, 0x000000071d400000|  0%| F|  |TAMS 0x000000071d200000, 0x000000071d200000| Untracked 
| 234|0x000000071d400000, 0x000000071d400000, 0x000000071d600000|  0%| F|  |TAMS 0x000000071d400000, 0x000000071d400000| Untracked 
| 235|0x000000071d600000, 0x000000071d600000, 0x000000071d800000|  0%| F|  |TAMS 0x000000071d600000, 0x000000071d600000| Untracked 
| 236|0x000000071d800000, 0x000000071d800000, 0x000000071da00000|  0%| F|  |TAMS 0x000000071d800000, 0x000000071d800000| Untracked 
| 237|0x000000071da00000, 0x000000071da00000, 0x000000071dc00000|  0%| F|  |TAMS 0x000000071da00000, 0x000000071da00000| Untracked 
| 238|0x000000071dc00000, 0x000000071dc00000, 0x000000071de00000|  0%| F|  |TAMS 0x000000071dc00000, 0x000000071dc00000| Untracked 
| 239|0x000000071de00000, 0x000000071de00000, 0x000000071e000000|  0%| F|  |TAMS 0x000000071de00000, 0x000000071de00000| Untracked 
| 240|0x000000071e000000, 0x000000071e000800, 0x000000071e200000|  0%| E|  |TAMS 0x000000071e000000, 0x000000071e000000| Complete 
| 241|0x000000071e200000, 0x000000071e400000, 0x000000071e400000|100%| E|CS|TAMS 0x000000071e200000, 0x000000071e200000| Complete 
| 242|0x000000071e400000, 0x000000071e600000, 0x000000071e600000|100%| E|CS|TAMS 0x000000071e400000, 0x000000071e400000| Complete 
| 243|0x000000071e600000, 0x000000071e800000, 0x000000071e800000|100%| E|CS|TAMS 0x000000071e600000, 0x000000071e600000| Complete 
| 244|0x000000071e800000, 0x000000071ea00000, 0x000000071ea00000|100%| E|CS|TAMS 0x000000071e800000, 0x000000071e800000| Complete 
| 273|0x0000000722200000, 0x0000000722207278, 0x0000000722400000|  1%| O|  |TAMS 0x0000000722207278, 0x0000000722207278| Untracked 

Card table byte_map: [0x0000014af7de0000,0x0000014af85e0000] _byte_map_base: 0x0000014af45e0000

Marking Bits (Prev, Next): (CMBitMap*) 0x0000014adbf057f0, (CMBitMap*) 0x0000014adbf057b0
 Prev Bits: [0x0000014a80000000, 0x0000014a84000000)
 Next Bits: [0x0000014af8de0000, 0x0000014afcde0000)

Polling page: 0x0000014adbf70000

Metaspace:

Usage:
  Non-class:     83.88 MB used.
      Class:     11.83 MB used.
       Both:     95.71 MB used.

Virtual space:
  Non-class space:      128.00 MB reserved,      84.38 MB ( 66%) committed,  2 nodes.
      Class space:        1.00 GB reserved,      12.25 MB (  1%) committed,  1 nodes.
             Both:        1.12 GB reserved,      96.62 MB (  8%) committed. 

Chunk freelists:
   Non-Class:  11.30 MB
       Class:  3.72 MB
        Both:  15.02 MB

MaxMetaspaceSize: unlimited
CompressedClassSpaceSize: 1.00 GB
Initial GC threshold: 21.00 MB
Current GC threshold: 158.69 MB
CDS: on
MetaspaceReclaimPolicy: balanced
 - commit_granule_bytes: 65536.
 - commit_granule_words: 8192.
 - virtual_space_node_default_size: 8388608.
 - enlarge_chunks_in_place: 1.
 - new_chunks_are_fully_committed: 0.
 - uncommit_free_chunks: 1.
 - use_allocation_guard: 0.
 - handle_deallocations: 1.


Internal statistics:

num_allocs_failed_limit: 6.
num_arena_births: 1218.
num_arena_deaths: 4.
num_vsnodes_births: 3.
num_vsnodes_deaths: 0.
num_space_committed: 1616.
num_space_uncommitted: 70.
num_chunks_returned_to_freelist: 198.
num_chunks_taken_from_freelist: 5391.
num_chunk_merges: 74.
num_chunk_splits: 3484.
num_chunks_enlarged: 2268.
num_inconsistent_stats: 0.

CodeHeap 'non-profiled nmethods': size=119488Kb used=11480Kb max_used=11480Kb free=108007Kb
 bounds [0x0000014aef480000, 0x0000014aeffc0000, 0x0000014af6930000]
CodeHeap 'profiled nmethods': size=119424Kb used=38578Kb max_used=40532Kb free=80845Kb
 bounds [0x0000014ae7930000, 0x0000014aea0d0000, 0x0000014aeedd0000]
CodeHeap 'non-nmethods': size=6848Kb used=2431Kb max_used=3654Kb free=4416Kb
 bounds [0x0000014aeedd0000, 0x0000014aef180000, 0x0000014aef480000]
 total_blobs=17522 nmethods=16576 adapters=848
 compilation: enabled
              stopped_count=0, restarted_count=0
 full_count=0

JVMCI Events (20 events):
Event: 1599.019 Thread 0x0000014affb16d80 created JavaVM[122]@0x0000014b008351a0 for JVMCI runtime 0
Event: 1599.019 Thread 0x0000014affb16d80 initializing JVMCI runtime 0
Event: 1599.019 Thread 0x0000014affb16d80 done waiting for JavaVM references initialization in JVMCI runtime 0
Event: 1599.020 Thread 0x0000014affb16d80 initialized JVMCI runtime 0
Event: 1599.047 Thread 0x0000014affb16d80 compacted oop handles in JVMCI runtime 0 from 151 to 144
Event: 1600.057 Thread 0x0000014affb16d80 detaching from JVMCI runtime 0: releasing idle compiler thread (0 other threads still attached)
Event: 1600.057 Thread 0x0000014affb16d80 shutting down HotSpotJVMCIRuntime for JVMCI runtime 0
Event: 1600.057 Thread 0x0000014affb16d80 shut down JVMCI runtime 0
Event: 1600.059 Thread 0x0000014affb16d80 destroyed JavaVM[122]@0x0000014b008351a0 for JVMCI runtime 0
Event: 1600.059 Thread 0x0000014affb16d80 releasing handles for JVMCI runtime 0: oop handles=144, metadata handles={total=239, live=230, blocks=95}
Event: 1600.059 Thread 0x0000014affb16d80 detached from JVMCI runtime 0
Event: 1601.466 Thread 0x0000014affb16d80 attached to JVMCI runtime 0
Event: 1601.468 Thread 0x0000014affb16d80 created JavaVM[123]@0x0000014b008351a0 for JVMCI runtime 0
Event: 1601.468 Thread 0x0000014affb16d80 initializing JVMCI runtime 0
Event: 1601.468 Thread 0x0000014affb16d80 done waiting for JavaVM references initialization in JVMCI runtime 0
Event: 1601.468 Thread 0x0000014affb16d80 initialized JVMCI runtime 0
Event: 1601.477 Thread 0x0000014affb16d80 compacted oop handles in JVMCI runtime 0 from 80 to 76
Event: 1601.480 Thread 0x0000014affb16d80 compacted oop handles in JVMCI runtime 0 from 82 to 78
Event: 1601.490 Thread 0x0000014affb16d80 compacted oop handles in JVMCI runtime 0 from 148 to 107
Event: 1601.503 Thread 0x0000014affb16d80 compacted oop handles in JVMCI runtime 0 from 122 to 116

Compilation events (20 events):
Event: 1601.570 Thread 0x0000014ac9010e90 23764       2       sun.net.www.protocol.file.Handler::hostsEqual (65 bytes)
Event: 1601.570 Thread 0x0000014ac9010e90 nmethod 23764 0x0000014ae96da210 code [0x0000014ae96da3e0, 0x0000014ae96da688]
Event: 1601.570 Thread 0x0000014ac9010e90 23765       2       java.net.URLStreamHandler::hostsEqual (75 bytes)
Event: 1601.570 Thread 0x0000014ac9010e90 nmethod 23765 0x0000014ae8b71110 code [0x0000014ae8b712e0, 0x0000014ae8b71558]
Event: 1601.570 Thread 0x0000014ac9010e90 23766       2       java.io.ObjectInputStream$HandleTable::lookupException (29 bytes)
Event: 1601.571 Thread 0x0000014ac9010e90 nmethod 23766 0x0000014ae9627710 code [0x0000014ae96278c0, 0x0000014ae9627ab8]
Event: 1601.573 Thread 0x0000014ac9010e90 23767       3       java.io.ObjectStreamClass::lookup (26 bytes)
Event: 1601.573 Thread 0x0000014ac9010e90 nmethod 23767 0x0000014ae9396410 code [0x0000014ae93965e0, 0x0000014ae9396c38]
Event: 1601.573 Thread 0x0000014ac9010e90 23768       2       java.lang.Class::isRecord (33 bytes)
Event: 1601.574 Thread 0x0000014ac9010e90 nmethod 23768 0x0000014ae91c9c10 code [0x0000014ae91c9dc0, 0x0000014ae91c9f78]
Event: 1601.577 Thread 0x0000014ac9010e90 23769       3       java.util.jar.JarFile::getVersionedEntry (133 bytes)
Event: 1601.578 Thread 0x0000014ac9010e90 nmethod 23769 0x0000014ae90c9a10 code [0x0000014ae90c9ce0, 0x0000014ae90cac38]
Event: 1601.580 Thread 0x0000014ac9010e90 23770       2       org.gradle.internal.io.StreamByteBuffer$StreamByteBufferInputStream::read (19 bytes)
Event: 1601.580 Thread 0x0000014ac9010e90 nmethod 23770 0x0000014ae94dfa90 code [0x0000014ae94dfc40, 0x0000014ae94dfdb8]
Event: 1601.580 Thread 0x0000014ac9010e90 23771       2       org.gradle.internal.io.StreamByteBuffer$StreamByteBufferChunk::read (34 bytes)
Event: 1601.580 Thread 0x0000014ac9010e90 nmethod 23771 0x0000014ae9216f90 code [0x0000014ae9217120, 0x0000014ae9217298]
Event: 1601.582 Thread 0x0000014ac9010e90 23772   !   2       java.io.ObjectStreamClass::getPrivateMethod (56 bytes)
Event: 1601.582 Thread 0x0000014ac9010e90 nmethod 23772 0x0000014ae7ec6810 code [0x0000014ae7ec69e0, 0x0000014ae7ec6c58]
Event: 1601.587 Thread 0x0000014ac9010e90 23773       1       java.io.ObjectStreamClass::getResolveException (5 bytes)
Event: 1601.588 Thread 0x0000014ac9010e90 nmethod 23773 0x0000014aeffaaf10 code [0x0000014aeffab0a0, 0x0000014aeffab178]

GC Heap History (20 events):
Event: 986.529 GC heap before
{Heap before GC invocations=60 (full 2):
 garbage-first heap   total 657408K, used 192352K [0x0000000700000000, 0x0000000800000000)
  region size 2048K, 16 young (32768K), 7 survivors (14336K)
 Metaspace       used 95710K, committed 96512K, reserved 1179648K
  class space    used 11922K, committed 12288K, reserved 1048576K
}
Event: 986.535 GC heap after
{Heap after GC invocations=61 (full 2):
 garbage-first heap   total 657408K, used 174961K [0x0000000700000000, 0x0000000800000000)
  region size 2048K, 1 young (2048K), 1 survivors (2048K)
 Metaspace       used 95710K, committed 96512K, reserved 1179648K
  class space    used 11922K, committed 12288K, reserved 1048576K
}
Event: 1080.155 GC heap before
{Heap before GC invocations=61 (full 2):
 garbage-first heap   total 657408K, used 316273K [0x0000000700000000, 0x0000000800000000)
  region size 2048K, 72 young (147456K), 1 survivors (2048K)
 Metaspace       used 96459K, committed 97344K, reserved 1179648K
  class space    used 11948K, committed 12352K, reserved 1048576K
}
Event: 1080.206 GC heap after
{Heap after GC invocations=62 (full 3):
 garbage-first heap   total 307200K, used 76916K [0x0000000700000000, 0x0000000800000000)
  region size 2048K, 0 young (0K), 0 survivors (0K)
 Metaspace       used 93689K, committed 94976K, reserved 1179648K
  class space    used 11672K, committed 12160K, reserved 1048576K
}
Event: 1081.008 GC heap before
{Heap before GC invocations=62 (full 3):
 garbage-first heap   total 307200K, used 210036K [0x0000000700000000, 0x0000000800000000)
  region size 2048K, 64 young (131072K), 0 survivors (0K)
 Metaspace       used 94123K, committed 95040K, reserved 1179648K
  class space    used 11675K, committed 12160K, reserved 1048576K
}
Event: 1081.019 GC heap after
{Heap after GC invocations=63 (full 3):
 garbage-first heap   total 307200K, used 111252K [0x0000000700000000, 0x0000000800000000)
  region size 2048K, 8 young (16384K), 8 survivors (16384K)
 Metaspace       used 94123K, committed 95040K, reserved 1179648K
  class space    used 11675K, committed 12160K, reserved 1048576K
}
Event: 1081.276 GC heap before
{Heap before GC invocations=63 (full 3):
 garbage-first heap   total 307200K, used 209556K [0x0000000700000000, 0x0000000800000000)
  region size 2048K, 57 young (116736K), 8 survivors (16384K)
 Metaspace       used 95732K, committed 96576K, reserved 1179648K
  class space    used 11880K, committed 12288K, reserved 1048576K
}
Event: 1081.291 GC heap after
{Heap after GC invocations=64 (full 3):
 garbage-first heap   total 307200K, used 128099K [0x0000000700000000, 0x0000000800000000)
  region size 2048K, 8 young (16384K), 8 survivors (16384K)
 Metaspace       used 95732K, committed 96576K, reserved 1179648K
  class space    used 11880K, committed 12288K, reserved 1048576K
}
Event: 1081.458 GC heap before
{Heap before GC invocations=64 (full 3):
 garbage-first heap   total 307200K, used 216163K [0x0000000700000000, 0x0000000800000000)
  region size 2048K, 51 young (104448K), 8 survivors (16384K)
 Metaspace       used 96397K, committed 97280K, reserved 1179648K
  class space    used 11922K, committed 12352K, reserved 1048576K
}
Event: 1081.470 GC heap after
{Heap after GC invocations=65 (full 3):
 garbage-first heap   total 307200K, used 157877K [0x0000000700000000, 0x0000000800000000)
  region size 2048K, 7 young (14336K), 7 survivors (14336K)
 Metaspace       used 96397K, committed 97280K, reserved 1179648K
  class space    used 11922K, committed 12352K, reserved 1048576K
}
Event: 1081.614 GC heap before
{Heap before GC invocations=66 (full 3):
 garbage-first heap   total 337920K, used 217269K [0x0000000700000000, 0x0000000800000000)
  region size 2048K, 38 young (77824K), 7 survivors (14336K)
 Metaspace       used 96742K, committed 97600K, reserved 1179648K
  class space    used 11937K, committed 12352K, reserved 1048576K
}
Event: 1081.620 GC heap after
{Heap after GC invocations=67 (full 3):
 garbage-first heap   total 337920K, used 161289K [0x0000000700000000, 0x0000000800000000)
  region size 2048K, 3 young (6144K), 3 survivors (6144K)
 Metaspace       used 96742K, committed 97600K, reserved 1179648K
  class space    used 11937K, committed 12352K, reserved 1048576K
}
Event: 1081.652 GC heap before
{Heap before GC invocations=67 (full 3):
 garbage-first heap   total 337920K, used 171529K [0x0000000700000000, 0x0000000800000000)
  region size 2048K, 8 young (16384K), 3 survivors (6144K)
 Metaspace       used 96810K, committed 97664K, reserved 1179648K
  class space    used 11946K, committed 12352K, reserved 1048576K
}
Event: 1081.654 GC heap after
{Heap after GC invocations=68 (full 3):
 garbage-first heap   total 337920K, used 162513K [0x0000000700000000, 0x0000000800000000)
  region size 2048K, 1 young (2048K), 1 survivors (2048K)
 Metaspace       used 96810K, committed 97664K, reserved 1179648K
  class space    used 11946K, committed 12352K, reserved 1048576K
}
Event: 1081.779 GC heap before
{Heap before GC invocations=68 (full 3):
 garbage-first heap   total 337920K, used 244433K [0x0000000700000000, 0x0000000800000000)
  region size 2048K, 41 young (83968K), 1 survivors (2048K)
 Metaspace       used 96896K, committed 97728K, reserved 1179648K
  class space    used 11950K, committed 12352K, reserved 1048576K
}
Event: 1081.783 GC heap after
{Heap after GC invocations=69 (full 3):
 garbage-first heap   total 503808K, used 164394K [0x0000000700000000, 0x0000000800000000)
  region size 2048K, 2 young (4096K), 2 survivors (4096K)
 Metaspace       used 96896K, committed 97728K, reserved 1179648K
  class space    used 11950K, committed 12352K, reserved 1048576K
}
Event: 1083.042 GC heap before
{Heap before GC invocations=69 (full 3):
 garbage-first heap   total 503808K, used 352810K [0x0000000700000000, 0x0000000800000000)
  region size 2048K, 94 young (192512K), 2 survivors (4096K)
 Metaspace       used 96949K, committed 97792K, reserved 1179648K
  class space    used 11950K, committed 12352K, reserved 1048576K
}
Event: 1083.051 GC heap after
{Heap after GC invocations=70 (full 3):
 garbage-first heap   total 503808K, used 172957K [0x0000000700000000, 0x0000000800000000)
  region size 2048K, 6 young (12288K), 6 survivors (12288K)
 Metaspace       used 96949K, committed 97792K, reserved 1179648K
  class space    used 11950K, committed 12352K, reserved 1048576K
}
Event: 1601.521 GC heap before
{Heap before GC invocations=70 (full 3):
 garbage-first heap   total 503808K, used 324509K [0x0000000700000000, 0x0000000800000000)
  region size 2048K, 77 young (157696K), 6 survivors (12288K)
 Metaspace       used 97270K, committed 98240K, reserved 1179648K
  class space    used 11969K, committed 12416K, reserved 1048576K
}
Event: 1601.529 GC heap after
{Heap after GC invocations=71 (full 3):
 garbage-first heap   total 503808K, used 188561K [0x0000000700000000, 0x0000000800000000)
  region size 2048K, 9 young (18432K), 9 survivors (18432K)
 Metaspace       used 97270K, committed 98240K, reserved 1179648K
  class space    used 11969K, committed 12416K, reserved 1048576K
}

Deoptimization events (20 events):
Event: 1601.507 Thread 0x0000014aca642be0 Uncommon trap: trap_request=0xffffffed fr.pc=0x0000014aef83dec4 relative=0x0000000000000624
Event: 1601.507 Thread 0x0000014aca642be0 Uncommon trap: reason=null_assert_or_unreached0 action=reinterpret pc=0x0000014aef83dec4 method=java.lang.ClassLoader.getDefinedPackage(Ljava/lang/String;)Ljava/lang/Package; @ 35 jvmci
Event: 1601.507 Thread 0x0000014aca642be0 DEOPT PACKING pc=0x0000014aef83dec4 sp=0x000000059cffb8e0
Event: 1601.507 Thread 0x0000014aca642be0 DEOPT UNPACKING pc=0x0000014aeee22945 sp=0x000000059cffad18 mode 3
Event: 1601.518 Thread 0x0000014aca642be0 DEOPT PACKING pc=0x0000014ae7a45b4e sp=0x000000059cffada0
Event: 1601.518 Thread 0x0000014aca642be0 DEOPT UNPACKING pc=0x0000014aeee22945 sp=0x000000059cffa320 mode 0
Event: 1601.518 Thread 0x0000014aca642be0 Uncommon trap: trap_request=0xffffffc4 fr.pc=0x0000014aef6634c6 relative=0x00000000000020a6
Event: 1601.518 Thread 0x0000014aca642be0 Uncommon trap: reason=bimorphic_or_optimized_type_check action=make_not_entrant pc=0x0000014aef6634c6 method=java.util.zip.ZipFile$Source.initCEN(I)V @ 240 jvmci
Event: 1601.518 Thread 0x0000014aca642be0 DEOPT PACKING pc=0x0000014aef6634c6 sp=0x000000059cffae30
Event: 1601.518 Thread 0x0000014aca642be0 DEOPT UNPACKING pc=0x0000014aeee22945 sp=0x000000059cffa320 mode 3
Event: 1601.518 Thread 0x0000014aca642be0 Uncommon trap: trap_request=0xffffffed fr.pc=0x0000014aefb4c6bc relative=0x0000000000000ffc
Event: 1601.518 Thread 0x0000014aca642be0 Uncommon trap: reason=null_assert_or_unreached0 action=reinterpret pc=0x0000014aefb4c6bc method=java.util.TreeMap.put(Ljava/lang/Object;Ljava/lang/Object;Z)Ljava/lang/Object; @ 123 jvmci
Event: 1601.519 Thread 0x0000014aca642be0 DEOPT PACKING pc=0x0000014aefb4c6bc sp=0x000000059cffad40
Event: 1601.519 Thread 0x0000014aca642be0 DEOPT UNPACKING pc=0x0000014aeee22945 sp=0x000000059cffa1d8 mode 3
Event: 1601.543 Thread 0x0000014aca642be0 Uncommon trap: trap_request=0xffffffed fr.pc=0x0000014aef54c8e5 relative=0x0000000000001485
Event: 1601.543 Thread 0x0000014aca642be0 Uncommon trap: reason=null_assert_or_unreached0 action=reinterpret pc=0x0000014aef54c8e5 method=java.util.zip.ZipFile.getMetaInfVersions()[I @ 4 jvmci
Event: 1601.543 Thread 0x0000014aca642be0 DEOPT PACKING pc=0x0000014aef54c8e5 sp=0x000000059cff7cf0
Event: 1601.543 Thread 0x0000014aca642be0 DEOPT UNPACKING pc=0x0000014aeee22945 sp=0x000000059cff7198 mode 3
Event: 1601.553 Thread 0x0000014aca642be0 DEOPT PACKING pc=0x0000014ae7f1b4d3 sp=0x000000059cffb220
Event: 1601.553 Thread 0x0000014aca642be0 DEOPT UNPACKING pc=0x0000014aeee22945 sp=0x000000059cffa6d0 mode 0

Classes unloaded (20 events):
Event: 1080.169 Thread 0x0000014affaf5a00 Unloading class 0x0000014a85b6c000 'org/spongepowered/asm/util/logging/MessageRouter$DebugInterceptingMessager'
Event: 1080.169 Thread 0x0000014affaf5a00 Unloading class 0x0000014a85b27dd8 'org/spongepowered/asm/util/logging/MessageRouter'
Event: 1080.169 Thread 0x0000014affaf5a00 Unloading class 0x0000014a85b279a0 'org/spongepowered/tools/obfuscation/interfaces/IMessagerEx$MessageType'
Event: 1080.169 Thread 0x0000014affaf5a00 Unloading class 0x0000014a85b27548 'org/spongepowered/tools/obfuscation/interfaces/IMixinAnnotationProcessor$CompilerEnvironment$2'
Event: 1080.169 Thread 0x0000014affaf5a00 Unloading class 0x0000014a85b272e0 'org/spongepowered/tools/obfuscation/interfaces/IMixinAnnotationProcessor$CompilerEnvironment$1'
Event: 1080.169 Thread 0x0000014affaf5a00 Unloading class 0x0000014a85b27078 'org/spongepowered/tools/obfuscation/interfaces/IMixinAnnotationProcessor$CompilerEnvironment'
Event: 1080.169 Thread 0x0000014affaf5a00 Unloading class 0x0000014a85b26de0 'org/spongepowered/tools/obfuscation/mirror/TypeHandleSimulated'
Event: 1080.169 Thread 0x0000014affaf5a00 Unloading class 0x0000014a85b26b50 'org/spongepowered/tools/obfuscation/mirror/TypeHandle'
Event: 1080.169 Thread 0x0000014affaf5a00 Unloading class 0x0000014a85b26958 'org/spongepowered/tools/obfuscation/interfaces/IObfuscationManager'
Event: 1080.169 Thread 0x0000014affaf5a00 Unloading class 0x0000014a85b265e8 'org/spongepowered/tools/obfuscation/AnnotatedMixins'
Event: 1080.169 Thread 0x0000014affaf5a00 Unloading class 0x0000014a85b263f0 'org/spongepowered/tools/obfuscation/interfaces/ITypeHandleProvider'
Event: 1080.169 Thread 0x0000014affaf5a00 Unloading class 0x0000014a85b261f8 'org/spongepowered/tools/obfuscation/interfaces/IMixinAnnotationProcessor'
Event: 1080.169 Thread 0x0000014affaf5a00 Unloading class 0x0000014a85b26000 'org/spongepowered/tools/obfuscation/interfaces/IOptionProvider'
Event: 1080.169 Thread 0x0000014affaf5a00 Unloading class 0x0000014a85b25d98 'org/spongepowered/tools/obfuscation/interfaces/IMessagerSuppressible'
Event: 1080.169 Thread 0x0000014affaf5a00 Unloading class 0x0000014a85b25ba0 'org/spongepowered/tools/obfuscation/interfaces/IMessagerEx'
Event: 1080.169 Thread 0x0000014affaf5a00 Unloading class 0x0000014a85b259a8 'org/spongepowered/tools/obfuscation/interfaces/IJavadocProvider'
Event: 1080.169 Thread 0x0000014affaf5a00 Unloading class 0x0000014a85b257b0 'org/spongepowered/asm/util/ITokenProvider'
Event: 1080.169 Thread 0x0000014affaf5a00 Unloading class 0x0000014a85b25520 'org/spongepowered/tools/obfuscation/MixinObfuscationProcessorTargets'
Event: 1080.169 Thread 0x0000014affaf5a00 Unloading class 0x0000014a85b25290 'org/spongepowered/tools/obfuscation/MixinObfuscationProcessorInjection'
Event: 1080.169 Thread 0x0000014affaf5a00 Unloading class 0x0000014a85b25000 'org/spongepowered/tools/obfuscation/MixinObfuscationProcessor'

Classes redefined (0 events):
No events

Internal exceptions (20 events):
Event: 1601.572 Thread 0x0000014aca642be0 Exception <a 'java/lang/NoSuchMethodError'{0x000000071e74c1e0}: static Lorg/jetbrains/kotlin/idea/gradleTooling/model/annotation/AnnotationBasedPluginModel;.<clinit>()V> (0x000000071e74c1e0) 
thrown [s\open\src\hotspot\share\prims\jni.cpp, line 1112]
Event: 1601.573 Thread 0x0000014aca642be0 Exception <a 'java/lang/NoSuchMethodError'{0x000000071e7570f0}: static Lorg/jetbrains/kotlin/idea/gradleTooling/model/lombok/LombokModel;.<clinit>()V> (0x000000071e7570f0) 
thrown [s\open\src\hotspot\share\prims\jni.cpp, line 1112]
Event: 1601.573 Thread 0x0000014aca642be0 Exception <a 'java/lang/NoSuchMethodError'{0x000000071e762968}: static Lorg/jetbrains/kotlin/idea/gradleTooling/model/samWithReceiver/SamWithReceiverModel;.<clinit>()V> (0x000000071e762968) 
thrown [s\open\src\hotspot\share\prims\jni.cpp, line 1112]
Event: 1601.574 Thread 0x0000014aca642be0 Exception <a 'java/lang/NoSuchMethodError'{0x000000071e76e150}: static Lorg/jetbrains/kotlin/idea/gradleTooling/model/noarg/NoArgModel;.<clinit>()V> (0x000000071e76e150) 
thrown [s\open\src\hotspot\share\prims\jni.cpp, line 1112]
Event: 1601.574 Thread 0x0000014aca642be0 Exception <a 'java/lang/NoSuchMethodError'{0x000000071e779a60}: static Lorg/jetbrains/kotlin/idea/gradleTooling/model/allopen/AllOpenModel;.<clinit>()V> (0x000000071e779a60) 
thrown [s\open\src\hotspot\share\prims\jni.cpp, line 1112]
Event: 1601.579 Thread 0x0000014aca642be0 Exception <a 'java/lang/NoSuchMethodError'{0x000000071e7c0fe8}: static Lorg/jetbrains/kotlin/gradle/idea/tcs/IdeaKotlinDependency;.<clinit>()V> (0x000000071e7c0fe8) 
thrown [s\open\src\hotspot\share\prims\jni.cpp, line 1112]
Event: 1601.580 Thread 0x0000014aca642be0 Exception <a 'java/lang/NoSuchMethodError'{0x000000071e7d9128}: static Ljava/lang/Object;.<clinit>()V> (0x000000071e7d9128) 
thrown [s\open\src\hotspot\share\prims\jni.cpp, line 1112]
Event: 1601.581 Thread 0x0000014aca642be0 Exception <a 'java/lang/NoSuchMethodError'{0x000000071e7e5218}: static Lorg/jetbrains/plugins/gradle/model/GradleExtensions;.<clinit>()V> (0x000000071e7e5218) 
thrown [s\open\src\hotspot\share\prims\jni.cpp, line 1112]
Event: 1601.581 Thread 0x0000014aca642be0 Exception <a 'java/lang/NoSuchMethodError'{0x000000071e7f02c0}: static Lorg/jetbrains/plugins/gradle/model/tests/ExternalTestsModel;.<clinit>()V> (0x000000071e7f02c0) 
thrown [s\open\src\hotspot\share\prims\jni.cpp, line 1112]
Event: 1601.582 Thread 0x0000014aca642be0 Exception <a 'java/lang/NoSuchMethodError'{0x000000071e7fcf88}: static Lorg/jetbrains/plugins/gradle/model/IntelliJProjectSettings;.<clinit>()V> (0x000000071e7fcf88) 
thrown [s\open\src\hotspot\share\prims\jni.cpp, line 1112]
Event: 1601.582 Thread 0x0000014aca642be0 Exception <a 'java/lang/NoSuchMethodError'{0x000000071e404d88}: static Lorg/jetbrains/plugins/gradle/model/IntelliJSettings;.<clinit>()V> (0x000000071e404d88) 
thrown [s\open\src\hotspot\share\prims\jni.cpp, line 1112]
Event: 1601.582 Thread 0x0000014aca642be0 Exception <a 'java/lang/NoSuchMethodError'{0x000000071e40f260}: static Lorg/jetbrains/plugins/gradle/model/DependencyAccessorsModel;.<clinit>()V> (0x000000071e40f260) 
thrown [s\open\src\hotspot\share\prims\jni.cpp, line 1112]
Event: 1601.583 Thread 0x0000014aca642be0 Exception <a 'java/lang/NoSuchMethodError'{0x000000071e42c1e0}: static Lcom/intellij/gradle/toolingExtension/impl/model/taskModel/GradleTaskModelProvider;.<clinit>()V> (0x000000071e42c1e0) 
thrown [s\open\src\hotspot\share\prims\jni.cpp, line 1112]
Event: 1601.584 Thread 0x0000014aca642be0 Exception <a 'java/lang/NoSuchMethodError'{0x000000071e43e7b8}: static Lcom/intellij/gradle/toolingExtension/impl/model/buildScriptClasspathModel/GradleBuildScriptClasspathModelProvider;.<clinit>()V> (0x000000071e43e7b8) 
thrown [s\open\src\hotspot\share\prims\jni.cpp, line 1112]
Event: 1601.585 Thread 0x0000014aca642be0 Exception <a 'java/lang/NoSuchMethodError'{0x000000071e450920}: static Lcom/intellij/gradle/toolingExtension/impl/model/warmUp/GradleTaskWarmUpModelProvider;.<clinit>()V> (0x000000071e450920) 
thrown [s\open\src\hotspot\share\prims\jni.cpp, line 1112]
Event: 1601.586 Thread 0x0000014aca642be0 Exception <a 'java/lang/NoSuchMethodError'{0x000000071e463480}: static Lcom/intellij/gradle/toolingExtension/impl/model/sourceSetModel/GradleSourceSetModelProvider;.<clinit>()V> (0x000000071e463480) 
thrown [s\open\src\hotspot\share\prims\jni.cpp, line 1112]
Event: 1601.587 Thread 0x0000014aca642be0 Exception <a 'java/lang/NoSuchMethodError'{0x000000071e477190}: static Lcom/intellij/gradle/toolingExtension/impl/model/sourceSetDependencyModel/GradleSourceSetDependencyModelProvider;.<clinit>()V> (0x000000071e477190) 
thrown [s\open\src\hotspot\share\prims\jni.cpp, line 1112]
Event: 1601.588 Thread 0x0000014aca642be0 Exception <a 'java/lang/NoSuchMethodError'{0x000000071e494690}: static Lorg/jetbrains/plugins/gradle/model/ExternalProjectDependency;.<clinit>()V> (0x000000071e494690) 
thrown [s\open\src\hotspot\share\prims\jni.cpp, line 1112]
Event: 1601.588 Thread 0x0000014aca642be0 Exception <a 'java/lang/NoSuchMethodError'{0x000000071e49e190}: static Lorg/jetbrains/plugins/gradle/model/ExternalLibraryDependency;.<clinit>()V> (0x000000071e49e190) 
thrown [s\open\src\hotspot\share\prims\jni.cpp, line 1112]
Event: 1601.588 Thread 0x0000014aca642be0 Exception <a 'java/lang/NoSuchMethodError'{0x000000071e4a7738}: static Lorg/jetbrains/plugins/gradle/model/FileCollectionDependency;.<clinit>()V> (0x000000071e4a7738) 
thrown [s\open\src\hotspot\share\prims\jni.cpp, line 1112]

VM Operations (20 events):
Event: 1383.106 Executing VM operation: Cleanup
Event: 1383.106 Executing VM operation: Cleanup done
Event: 1428.472 Executing VM operation: Cleanup
Event: 1428.473 Executing VM operation: Cleanup done
Event: 1430.489 Executing VM operation: Cleanup
Event: 1430.489 Executing VM operation: Cleanup done
Event: 1443.592 Executing VM operation: Cleanup
Event: 1443.592 Executing VM operation: Cleanup done
Event: 1476.818 Executing VM operation: Cleanup
Event: 1476.818 Executing VM operation: Cleanup done
Event: 1544.374 Executing VM operation: Cleanup
Event: 1544.374 Executing VM operation: Cleanup done
Event: 1564.541 Executing VM operation: Cleanup
Event: 1564.541 Executing VM operation: Cleanup done
Event: 1583.696 Executing VM operation: Cleanup
Event: 1583.696 Executing VM operation: Cleanup done
Event: 1599.821 Executing VM operation: Cleanup
Event: 1599.821 Executing VM operation: Cleanup done
Event: 1601.521 Executing VM operation: G1TryInitiateConcMark
Event: 1601.529 Executing VM operation: G1TryInitiateConcMark done

Events (20 events):
Event: 1564.509 Thread 0x0000014acc98a1b0 Thread exited: 0x0000014acc98a1b0
Event: 1564.509 Thread 0x0000014acc8b09d0 Thread exited: 0x0000014acc8b09d0
Event: 1564.510 Thread 0x0000014acc8b1900 Thread exited: 0x0000014acc8b1900
Event: 1564.510 Thread 0x0000014ad23e6350 Thread exited: 0x0000014ad23e6350
Event: 1564.510 Thread 0x0000014acb291160 Thread exited: 0x0000014acb291160
Event: 1564.515 Thread 0x0000014acb290230 Thread exited: 0x0000014acb290230
Event: 1564.516 Thread 0x0000014acb291670 Thread exited: 0x0000014acb291670
Event: 1599.017 Thread 0x0000014aca640870 Thread added: 0x0000014aca640870
Event: 1599.019 Thread 0x0000014aca640870 Thread exited: 0x0000014aca640870
Event: 1601.464 Thread 0x0000014aca640870 Thread added: 0x0000014aca640870
Event: 1601.467 loading class java/util/HashMap$UnsafeHolder
Event: 1601.467 loading class java/util/HashMap$UnsafeHolder done
Event: 1601.470 Thread 0x0000014aca641290 Thread added: 0x0000014aca641290
Event: 1601.473 Thread 0x0000014acc8b3250 Thread added: 0x0000014acc8b3250
Event: 1601.474 Thread 0x0000014acc8b7420 Thread added: 0x0000014acc8b7420
Event: 1601.474 Thread 0x0000014acc8b1900 Thread added: 0x0000014acc8b1900
Event: 1601.486 Thread 0x0000014acc8b13f0 Thread added: 0x0000014acc8b13f0
Event: 1601.486 Thread 0x0000014acc8b1e10 Thread added: 0x0000014acc8b1e10
Event: 1601.487 Thread 0x0000014acc8b4690 Thread added: 0x0000014acc8b4690
Event: 1601.487 Thread 0x0000014acc8b7930 Thread added: 0x0000014acc8b7930


Dynamic libraries:
0x00007ff604770000 - 0x00007ff604780000 	C:\Users\Elmir\.jdks\graalvm-jdk-17.0.11\bin\java.exe
0x00007ffb50930000 - 0x00007ffb50b28000 	C:\WINDOWS\SYSTEM32\ntdll.dll
0x00007ffb4f800000 - 0x00007ffb4f8c2000 	C:\WINDOWS\System32\KERNEL32.DLL
0x00007ffb4e060000 - 0x00007ffb4e356000 	C:\WINDOWS\System32\KERNELBASE.dll
0x00007ffb4e540000 - 0x00007ffb4e640000 	C:\WINDOWS\System32\ucrtbase.dll
0x00007ffb2f3a0000 - 0x00007ffb2f3bb000 	C:\Users\Elmir\.jdks\graalvm-jdk-17.0.11\bin\VCRUNTIME140.dll
0x00007ffb2f130000 - 0x00007ffb2f149000 	C:\Users\Elmir\.jdks\graalvm-jdk-17.0.11\bin\jli.dll
0x00007ffb4fef0000 - 0x00007ffb4ffa1000 	C:\WINDOWS\System32\ADVAPI32.dll
0x00007ffb50830000 - 0x00007ffb508ce000 	C:\WINDOWS\System32\msvcrt.dll
0x00007ffb4ece0000 - 0x00007ffb4ed7f000 	C:\WINDOWS\System32\sechost.dll
0x00007ffb4f8d0000 - 0x00007ffb4f9f0000 	C:\WINDOWS\System32\RPCRT4.dll
0x00007ffb4e360000 - 0x00007ffb4e387000 	C:\WINDOWS\System32\bcrypt.dll
0x00007ffb4ea80000 - 0x00007ffb4ec21000 	C:\WINDOWS\System32\USER32.dll
0x00007ffb3f220000 - 0x00007ffb3f4bb000 	C:\WINDOWS\WinSxS\amd64_microsoft.windows.common-controls_6595b64144ccf1df_6.0.19041.6456_none_60b8a6cb71f64256\COMCTL32.dll
0x00007ffb4e740000 - 0x00007ffb4e762000 	C:\WINDOWS\System32\win32u.dll
0x00007ffb50800000 - 0x00007ffb5082b000 	C:\WINDOWS\System32\GDI32.dll
0x00007ffb4e390000 - 0x00007ffb4e4a9000 	C:\WINDOWS\System32\gdi32full.dll
0x00007ffb4dfc0000 - 0x00007ffb4e05d000 	C:\WINDOWS\System32\msvcp_win.dll
0x00007ffb489c0000 - 0x00007ffb489ca000 	C:\WINDOWS\SYSTEM32\VERSION.dll
0x00007ffb4ecb0000 - 0x00007ffb4ecdf000 	C:\WINDOWS\System32\IMM32.DLL
0x00007ffb32470000 - 0x00007ffb3247c000 	C:\Users\Elmir\.jdks\graalvm-jdk-17.0.11\bin\vcruntime140_1.dll
0x00007ffb255f0000 - 0x00007ffb2567e000 	C:\Users\Elmir\.jdks\graalvm-jdk-17.0.11\bin\msvcp140.dll
0x00007ffaf5520000 - 0x00007ffaf60f6000 	C:\Users\Elmir\.jdks\graalvm-jdk-17.0.11\bin\server\jvm.dll
0x00007ffb4f5e0000 - 0x00007ffb4f5e8000 	C:\WINDOWS\System32\PSAPI.DLL
0x00007ffb409b0000 - 0x00007ffb409d7000 	C:\WINDOWS\SYSTEM32\WINMM.dll
0x00007ffb4b5c0000 - 0x00007ffb4b5c9000 	C:\WINDOWS\SYSTEM32\WSOCK32.dll
0x00007ffb50790000 - 0x00007ffb507fb000 	C:\WINDOWS\System32\WS2_32.dll
0x00007ffb4be50000 - 0x00007ffb4be62000 	C:\WINDOWS\SYSTEM32\kernel.appcore.dll
0x00007ffb32410000 - 0x00007ffb3241a000 	C:\Users\Elmir\.jdks\graalvm-jdk-17.0.11\bin\jimage.dll
0x00007ffb46f20000 - 0x00007ffb47121000 	C:\WINDOWS\SYSTEM32\DBGHELP.DLL
0x00007ffb342e0000 - 0x00007ffb34314000 	C:\WINDOWS\SYSTEM32\dbgcore.DLL
0x00007ffb4e4b0000 - 0x00007ffb4e532000 	C:\WINDOWS\System32\bcryptPrimitives.dll
0x00007ffb32210000 - 0x00007ffb3221e000 	C:\Users\Elmir\.jdks\graalvm-jdk-17.0.11\bin\instrument.dll
0x00007ffb2e3b0000 - 0x00007ffb2e3d5000 	C:\Users\Elmir\.jdks\graalvm-jdk-17.0.11\bin\java.dll
0x00007ffb249e0000 - 0x00007ffb24ab7000 	C:\Users\Elmir\.jdks\graalvm-jdk-17.0.11\bin\jsvml.dll
0x00007ffb4ffb0000 - 0x00007ffb50720000 	C:\WINDOWS\System32\SHELL32.dll
0x00007ffb4c050000 - 0x00007ffb4c7f5000 	C:\WINDOWS\SYSTEM32\windows.storage.dll
0x00007ffb4f0a0000 - 0x00007ffb4f3f4000 	C:\WINDOWS\System32\combase.dll
0x00007ffb4d910000 - 0x00007ffb4d93b000 	C:\WINDOWS\SYSTEM32\Wldp.dll
0x00007ffb4e9b0000 - 0x00007ffb4ea7d000 	C:\WINDOWS\System32\OLEAUT32.dll
0x00007ffb4ed80000 - 0x00007ffb4ee2d000 	C:\WINDOWS\System32\SHCORE.dll
0x00007ffb4f7a0000 - 0x00007ffb4f7fb000 	C:\WINDOWS\System32\shlwapi.dll
0x00007ffb4def0000 - 0x00007ffb4df14000 	C:\WINDOWS\SYSTEM32\profapi.dll
0x00007ffb2dd70000 - 0x00007ffb2dd88000 	C:\Users\Elmir\.jdks\graalvm-jdk-17.0.11\bin\zip.dll
0x00007ffb2bef0000 - 0x00007ffb2bf09000 	C:\Users\Elmir\.jdks\graalvm-jdk-17.0.11\bin\net.dll
0x00007ffb480b0000 - 0x00007ffb481ba000 	C:\WINDOWS\SYSTEM32\WINHTTP.dll
0x00007ffb4d670000 - 0x00007ffb4d6da000 	C:\WINDOWS\system32\mswsock.dll
0x00007ffb2b2e0000 - 0x00007ffb2b2f6000 	C:\Users\Elmir\.jdks\graalvm-jdk-17.0.11\bin\nio.dll
0x00007ffa89d70000 - 0x00007ffa8c7a6000 	C:\Users\Elmir\.jdks\graalvm-jdk-17.0.11\bin\jvmcicompiler.dll
0x00007ffb4e770000 - 0x00007ffb4e8cd000 	C:\WINDOWS\System32\CRYPT32.dll
0x00007ffb4de70000 - 0x00007ffb4de9e000 	C:\WINDOWS\SYSTEM32\USERENV.dll
0x00007ffb4d980000 - 0x00007ffb4d9a7000 	C:\WINDOWS\SYSTEM32\ncrypt.dll
0x00007ffb4d350000 - 0x00007ffb4d38b000 	C:\WINDOWS\SYSTEM32\IPHLPAPI.DLL
0x00007ffb4d940000 - 0x00007ffb4d97b000 	C:\WINDOWS\SYSTEM32\NTASN1.dll
0x00007ffb30aa0000 - 0x00007ffb30ab0000 	C:\Users\Elmir\.jdks\graalvm-jdk-17.0.11\bin\verify.dll
0x00007ffb2f6d0000 - 0x00007ffb2f6f7000 	C:\Users\Elmir\.gradle\native\c067742578af261105cb4f569cf0c3c89f3d7b1fecec35dd04571415982c5e48\windows-amd64\native-platform.dll
0x00007ffaf9660000 - 0x00007ffaf97a4000 	C:\Users\Elmir\.gradle\native\38dada09dfb8b06ba9b0570ebf7e218e3eb74d4ef43ca46872605cf95ebc2f47\windows-amd64\native-platform-file-events.dll
0x00007ffb2dd60000 - 0x00007ffb2dd6a000 	C:\Users\Elmir\.jdks\graalvm-jdk-17.0.11\bin\management.dll
0x00007ffb2acf0000 - 0x00007ffb2acfb000 	C:\Users\Elmir\.jdks\graalvm-jdk-17.0.11\bin\management_ext.dll
0x00007ffb4d860000 - 0x00007ffb4d878000 	C:\WINDOWS\SYSTEM32\CRYPTSP.dll
0x00007ffb4cf90000 - 0x00007ffb4cfc8000 	C:\WINDOWS\system32\rsaenh.dll
0x00007ffb4d880000 - 0x00007ffb4d88c000 	C:\WINDOWS\SYSTEM32\CRYPTBASE.dll
0x00007ffb50720000 - 0x00007ffb50728000 	C:\WINDOWS\System32\NSI.dll
0x00007ffb48a10000 - 0x00007ffb48a27000 	C:\WINDOWS\SYSTEM32\dhcpcsvc6.DLL
0x00007ffb489f0000 - 0x00007ffb48a0d000 	C:\WINDOWS\SYSTEM32\dhcpcsvc.DLL
0x00007ffb4d390000 - 0x00007ffb4d45a000 	C:\WINDOWS\SYSTEM32\DNSAPI.dll
0x00007ffb2ace0000 - 0x00007ffb2acee000 	C:\Users\Elmir\.jdks\graalvm-jdk-17.0.11\bin\sunmscapi.dll
0x00007ffaf4970000 - 0x00007ffaf4977000 	C:\WINDOWS\system32\wshunix.dll
0x00007ffb468d0000 - 0x00007ffb468da000 	C:\Windows\System32\rasadhlp.dll
0x00007ffb46510000 - 0x00007ffb46590000 	C:\WINDOWS\System32\fwpuclnt.dll

dbghelp: loaded successfully - version: 4.0.5 - missing functions: none
symbol engine: initialized successfully - sym options: 0x614 - pdb path: .;C:\Users\Elmir\.jdks\graalvm-jdk-17.0.11\bin;C:\WINDOWS\SYSTEM32;C:\WINDOWS\WinSxS\amd64_microsoft.windows.common-controls_6595b64144ccf1df_6.0.19041.6456_none_60b8a6cb71f64256;C:\Users\Elmir\.jdks\graalvm-jdk-17.0.11\bin\server;C:\Users\Elmir\.gradle\native\c067742578af261105cb4f569cf0c3c89f3d7b1fecec35dd04571415982c5e48\windows-amd64;C:\Users\Elmir\.gradle\native\38dada09dfb8b06ba9b0570ebf7e218e3eb74d4ef43ca46872605cf95ebc2f47\windows-amd64

VM Arguments:
jvm_args: -XX:ThreadPriorityPolicy=1 -XX:+UnlockExperimentalVMOptions -XX:+EnableJVMCIProduct -XX:-UnlockExperimentalVMOptions --add-opens=java.base/java.util=ALL-UNNAMED --add-opens=java.base/java.lang=ALL-UNNAMED --add-opens=java.base/java.lang.invoke=ALL-UNNAMED --add-opens=java.prefs/java.util.prefs=ALL-UNNAMED --add-opens=java.base/java.nio.charset=ALL-UNNAMED --add-opens=java.base/java.net=ALL-UNNAMED --add-opens=java.base/java.util.concurrent.atomic=ALL-UNNAMED -Xmx4g -Dfile.encoding=UTF-8 -Duser.country=US -Duser.language=en -Duser.variant -javaagent:C:\Users\Elmir\.gradle\wrapper\dists\gradle-8.6-bin\afr5mpiioh2wthjmwnkmdsd5w\gradle-8.6\lib\agents\gradle-instrumentation-agent-8.6.jar 
java_command: org.gradle.launcher.daemon.bootstrap.GradleDaemon 8.6
java_class_path (initial): C:\Users\Elmir\.gradle\wrapper\dists\gradle-8.6-bin\afr5mpiioh2wthjmwnkmdsd5w\gradle-8.6\lib\gradle-launcher-8.6.jar
Launcher Type: SUN_STANDARD

[Global flags]
     intx CICompilerCount                          = 4                                         {product} {ergonomic}
     uint ConcGCThreads                            = 3                                         {product} {ergonomic}
     bool EnableJVMCIProduct                       = true                                {JVMCI product} {jimage}
     uint G1ConcRefinementThreads                  = 10                                        {product} {ergonomic}
   size_t G1HeapRegionSize                         = 2097152                                   {product} {ergonomic}
    uintx GCDrainStackTargetSize                   = 64                                        {product} {ergonomic}
   size_t InitialHeapSize                          = 266338304                                 {product} {ergonomic}
   size_t MarkStackSize                            = 4194304                                   {product} {ergonomic}
   size_t MaxHeapSize                              = 4294967296                                {product} {command line}
   size_t MaxNewSize                               = 2575302656                                {product} {ergonomic}
   size_t MinHeapDeltaBytes                        = 2097152                                   {product} {ergonomic}
   size_t MinHeapSize                              = 8388608                                   {product} {ergonomic}
    uintx NonNMethodCodeHeapSize                   = 6979620                                {pd product} {ergonomic}
    uintx NonProfiledCodeHeapSize                  = 122339310                              {pd product} {ergonomic}
    uintx ProfiledCodeHeapSize                     = 122339310                              {pd product} {ergonomic}
    uintx ReservedCodeCacheSize                    = 251658240                              {pd product} {ergonomic}
     bool SegmentedCodeCache                       = true                                      {product} {ergonomic}
   size_t SoftMaxHeapSize                          = 4294967296                             {manageable} {ergonomic}
     intx ThreadPriorityPolicy                     = 1                                         {product} {jimage}
     bool UseCompressedClassPointers               = true                           {product lp64_product} {ergonomic}
     bool UseCompressedOops                        = true                           {product lp64_product} {ergonomic}
     bool UseG1GC                                  = true                                      {product} {ergonomic}
     bool UseLargePagesIndividualAllocation        = false                                  {pd product} {ergonomic}

Logging:
Log output configuration:
 #0: stdout all=warning uptime,level,tags
 #1: stderr all=off uptime,level,tags

Environment Variables:
JAVA_HOME=C:\Program Files\Eclipse Adoptium\jdk-17.0.11.9-hotspot
PATH=C:\Program Files (x86)\Common Files\Oracle\Java\java8path;C:\Program Files (x86)\Common Files\Oracle\Java\javapath;C:\Program Files\Eclipse Adoptium\jdk-8.0.452.9-hotspot\bin;C:\Program Files\Eclipse Adoptium\jre-21.0.4.7-hotspot\bin;C:\Program Files\OpenLogic\jdk-8.0.412.08-hotspot\bin;C:\Program Files\Eclipse Adoptium\jdk-17.0.11.9-hotspot\bin;C:\Program Files\Eclipse Adoptium\jre-8.0.402.6-hotspot\bin;C:\Windows\system32;C:\Windows;C:\Windows\System32\Wbem;C:\Windows\System32\WindowsPowerShell\v1.0\;C:\Program Files (x86)\NVIDIA Corporation\PhysX\Common;C:\WINDOWS\system32;C:\WINDOWS;C:\WINDOWS\System32\Wbem;C:\WINDOWS\System32\WindowsPowerShell\v1.0\;C:\WINDOWS\System32\OpenSSH\;C:\Program Files\NVIDIA Corporation\NVIDIA NvDLISR;C:\Program Files\dotnet\;C:\Program Files\Git\cmd;C:\Users\Elmir\AppData\Local\Microsoft\WindowsApps;C:\Users\Elmir\AppData\Local\Programs\MiKTeX\miktex\bin\x64\
USERNAME=Elmir
OS=Windows_NT
PROCESSOR_IDENTIFIER=AMD64 Family 25 Model 80 Stepping 0, AuthenticAMD



---------------  S Y S T E M  ---------------

OS:
 Windows 10 , 64 bit Build 19041 (10.0.19041.5915)
OS uptime: 0 days 5:51 hours

CPU: total 12 (initial active 12) (12 cores per cpu, 2 threads per core) family 25 model 80 stepping 0 microcode 0x0, cx8, cmov, fxsr, ht, mmx, 3dnowpref, sse, sse2, sse3, ssse3, sse4a, sse4.1, sse4.2, popcnt, lzcnt, tsc, tscinvbit, avx, avx2, aes, erms, clmul, bmi1, bmi2, adx, sha, fma, vzeroupper, clflush, clflushopt

Memory: 4k page, system-wide physical 16172M (3726M free)
TotalPageFile size 35628M (AvailPageFile size 17428M)
current process WorkingSet (physical memory assigned to process): 814M, peak: 890M
current process commit charge ("private bytes"): 843M, peak: 1021M

vm_info: Java HotSpot(TM) 64-Bit Server VM (17.0.11+7-LTS-jvmci-23.0-b34) for windows-amd64 JRE (17.0.11+7-LTS-jvmci-23.0-b34), built on Mar 14 2024 03:24:53 by "" with MS VC++ 17.6 (VS2022)

END.
